2024-10-10 15:44:23,093 INFO: Inicializando Fletube
2024-10-10 15:44:23,133 INFO: Assets path configured: F:\Programação\Python\Fletube\assets
2024-10-10 15:44:23,133 INFO: Starting up TCP server on localhost:58492
2024-10-10 15:44:23,140 INFO: Flet app has started...
2024-10-10 15:44:23,683 INFO: App session started
2024-10-10 15:44:23,683 INFO: Fletube iniciado
2024-10-10 15:44:23,689 INFO: Tema: Light
2024-10-10 15:44:23,704 INFO: Configurando rotas
2024-10-10 15:44:23,704 INFO: Rota alterada para: /
2024-10-10 16:12:20,446 INFO: Inicializando Fletube
2024-10-10 16:12:20,492 INFO: Assets path configured: F:\Programação\Python\Fletube\assets
2024-10-10 16:12:20,493 INFO: Starting up TCP server on localhost:62674
2024-10-10 16:12:20,500 INFO: Flet app has started...
2024-10-10 16:12:20,836 INFO: App session started
2024-10-10 16:12:20,853 INFO: Fletube iniciado
2024-10-10 16:12:20,859 INFO: Tema: Light
2024-10-10 16:12:20,862 INFO: Configurando rotas
2024-10-10 16:12:20,862 INFO: Rota alterada para: /
2024-10-10 16:12:43,033 INFO: Inicializando Fletube
2024-10-10 16:12:43,077 INFO: Assets path configured: F:\Programação\Python\Fletube\assets
2024-10-10 16:12:43,077 INFO: Starting up TCP server on localhost:62674
2024-10-10 16:12:43,084 INFO: Flet app has started...
2024-10-10 16:13:06,409 INFO: Inicializando Fletube
2024-10-10 16:13:06,451 INFO: Assets path configured: F:\Programação\Python\Fletube\assets
2024-10-10 16:13:06,451 INFO: Starting up TCP server on localhost:62674
2024-10-10 16:13:06,457 INFO: Flet app has started...
2024-10-10 16:13:10,451 INFO: Inicializando Fletube
2024-10-10 16:13:10,494 INFO: Assets path configured: F:\Programação\Python\Fletube\assets
2024-10-10 16:13:10,494 INFO: Starting up TCP server on localhost:49337
2024-10-10 16:13:10,502 INFO: Flet app has started...
2024-10-10 16:13:10,758 INFO: App session started
2024-10-10 16:13:10,781 INFO: Fletube iniciado
2024-10-10 16:13:10,792 INFO: Tema: Light
2024-10-10 16:13:10,794 INFO: Configurando rotas
2024-10-10 16:13:10,794 INFO: Rota alterada para: /
2024-10-10 17:42:20,200 INFO: Inicializando Fletube
2024-10-10 17:42:20,300 INFO: Assets path configured: F:\Programação\Python\Fletube\assets
2024-10-10 17:42:20,300 INFO: Starting up TCP server on localhost:49337
2024-10-10 17:42:20,306 INFO: Flet app has started...
2024-10-10 17:42:23,699 INFO: Inicializando Fletube
2024-10-10 17:42:23,738 INFO: Assets path configured: F:\Programação\Python\Fletube\assets
2024-10-10 17:42:23,738 INFO: Starting up TCP server on localhost:52380
2024-10-10 17:42:23,745 INFO: Flet app has started...
2024-10-10 17:42:25,370 INFO: Inicializando Fletube
2024-10-10 17:42:25,413 INFO: Assets path configured: F:\Programação\Python\Fletube\assets
2024-10-10 17:42:25,413 INFO: Starting up TCP server on localhost:52380
2024-10-10 17:42:25,421 INFO: Flet app has started...
2024-10-10 17:42:25,490 INFO: App session started
2024-10-10 17:42:25,491 INFO: Fletube iniciado
2024-10-10 17:42:25,493 INFO: Tema: Light
2024-10-10 17:42:25,498 INFO: Configurando rotas
2024-10-10 17:42:25,499 INFO: Rota alterada para: /
2024-10-10 17:42:49,262 INFO: Inicializando Fletube
2024-10-10 17:42:49,303 INFO: Assets path configured: F:\Programação\Python\Fletube\assets
2024-10-10 17:42:49,303 INFO: Starting up TCP server on localhost:52380
2024-10-10 17:42:49,310 INFO: Flet app has started...
2024-10-10 17:42:49,783 INFO: App session started
2024-10-10 17:42:49,783 INFO: Fletube iniciado
2024-10-10 17:42:49,784 INFO: Tema: Light
2024-10-10 17:42:49,787 INFO: Configurando rotas
2024-10-10 17:42:49,787 INFO: Rota alterada para: /
2024-10-10 17:43:22,329 INFO: Inicializando Fletube
2024-10-10 17:43:22,385 INFO: Assets path configured: F:\Programação\Python\Fletube\assets
2024-10-10 17:43:22,385 INFO: Starting up TCP server on localhost:52380
2024-10-10 17:43:22,393 INFO: Flet app has started...
2024-10-10 17:43:22,817 INFO: App session started
2024-10-10 17:43:22,817 INFO: Fletube iniciado
2024-10-10 17:43:22,819 INFO: Tema: Light
2024-10-10 17:43:22,825 INFO: Configurando rotas
2024-10-10 17:43:22,825 INFO: Rota alterada para: /
2024-10-10 17:43:46,653 INFO: Inicializando Fletube
2024-10-10 17:43:46,695 INFO: Assets path configured: F:\Programação\Python\Fletube\assets
2024-10-10 17:43:46,696 INFO: Starting up TCP server on localhost:52380
2024-10-10 17:43:46,702 INFO: Flet app has started...
2024-10-10 17:43:47,087 INFO: App session started
2024-10-10 17:43:47,087 INFO: Fletube iniciado
2024-10-10 17:43:47,090 INFO: Tema: Light
2024-10-10 17:43:47,092 INFO: Configurando rotas
2024-10-10 17:43:47,092 INFO: Rota alterada para: /
2024-10-10 17:44:16,003 INFO: Inicializando Fletube
2024-10-10 17:44:16,045 INFO: Assets path configured: F:\Programação\Python\Fletube\assets
2024-10-10 17:44:16,045 INFO: Starting up TCP server on localhost:52380
2024-10-10 17:44:16,054 INFO: Flet app has started...
2024-10-10 17:44:16,370 INFO: App session started
2024-10-10 17:44:16,370 INFO: Fletube iniciado
2024-10-10 17:44:16,372 INFO: Tema: Light
2024-10-10 17:44:16,375 INFO: Configurando rotas
2024-10-10 17:44:16,375 INFO: Rota alterada para: /
2024-10-10 17:47:24,795 INFO: Tecla: T
2024-10-10 17:47:24,796 INFO: Tema: Dark
2024-10-10 17:52:05,876 INFO: Inicializando Fletube
2024-10-10 17:52:05,934 INFO: Assets path configured: F:\Programação\Python\Fletube\assets
2024-10-10 17:52:05,934 INFO: Starting up TCP server on localhost:52380
2024-10-10 17:52:05,942 INFO: Flet app has started...
2024-10-10 17:52:06,293 INFO: App session started
2024-10-10 17:52:06,295 INFO: Fletube iniciado
2024-10-10 17:52:06,297 INFO: Tema: Dark
2024-10-10 17:52:06,301 INFO: Configurando rotas
2024-10-10 17:52:06,301 INFO: Rota alterada para: /
2024-10-10 18:01:53,192 INFO: Inicializando Fletube
2024-10-10 18:01:53,291 INFO: Assets path configured: F:\Programação\Python\Fletube\assets
2024-10-10 18:01:53,291 INFO: Starting up TCP server on localhost:52380
2024-10-10 18:01:53,298 INFO: Flet app has started...
2024-10-10 18:01:53,766 INFO: App session started
2024-10-10 18:01:53,766 INFO: Fletube iniciado
2024-10-10 18:01:53,767 INFO: Tema: Dark
2024-10-10 18:01:53,770 INFO: Configurando rotas
2024-10-10 18:01:53,771 INFO: Rota alterada para: /
2024-10-10 18:05:17,637 INFO: Inicializando Fletube
2024-10-10 18:05:17,751 INFO: Assets path configured: F:\Programação\Python\Fletube\assets
2024-10-10 18:05:17,751 INFO: Starting up TCP server on localhost:52380
2024-10-10 18:05:17,759 INFO: Flet app has started...
2024-10-10 18:05:18,215 INFO: App session started
2024-10-10 18:05:18,250 INFO: Fletube iniciado
2024-10-10 18:05:18,253 INFO: Tema: Dark
2024-10-10 18:05:18,258 INFO: Configurando rotas
2024-10-10 18:05:18,259 INFO: Rota alterada para: /
2024-10-10 18:05:26,821 INFO: Inicializando Fletube
2024-10-10 18:05:26,863 INFO: Assets path configured: F:\Programação\Python\Fletube\assets
2024-10-10 18:05:26,864 INFO: Starting up TCP server on localhost:52380
2024-10-10 18:05:26,870 INFO: Flet app has started...
2024-10-10 18:05:27,206 INFO: App session started
2024-10-10 18:05:27,206 INFO: Fletube iniciado
2024-10-10 18:05:27,209 INFO: Tema: Dark
2024-10-10 18:05:27,211 INFO: Configurando rotas
2024-10-10 18:05:27,211 INFO: Rota alterada para: /
2024-10-10 18:05:28,102 INFO: Inicializando Fletube
2024-10-10 18:05:28,145 INFO: Assets path configured: F:\Programação\Python\Fletube\assets
2024-10-10 18:05:28,145 INFO: Starting up TCP server on localhost:52380
2024-10-10 18:05:28,153 INFO: Flet app has started...
2024-10-10 18:05:28,440 INFO: App session started
2024-10-10 18:05:28,440 INFO: Fletube iniciado
2024-10-10 18:05:28,442 INFO: Tema: Dark
2024-10-10 18:05:28,444 INFO: Configurando rotas
2024-10-10 18:05:28,444 INFO: Rota alterada para: /
2024-10-10 18:05:37,240 INFO: Inicializando Fletube
2024-10-10 18:05:37,280 INFO: Assets path configured: F:\Programação\Python\Fletube\assets
2024-10-10 18:05:37,280 INFO: Starting up TCP server on localhost:52380
2024-10-10 18:05:37,287 INFO: Flet app has started...
2024-10-10 18:05:37,583 INFO: App session started
2024-10-10 18:05:37,583 INFO: Fletube iniciado
2024-10-10 18:05:37,585 INFO: Tema: Dark
2024-10-10 18:05:37,587 INFO: Configurando rotas
2024-10-10 18:05:37,587 INFO: Rota alterada para: /
2024-10-10 18:05:52,661 INFO: Inicializando Fletube
2024-10-10 18:05:52,702 INFO: Assets path configured: F:\Programação\Python\Fletube\assets
2024-10-10 18:05:52,702 INFO: Starting up TCP server on localhost:52380
2024-10-10 18:05:52,709 INFO: Flet app has started...
2024-10-10 18:05:53,136 INFO: App session started
2024-10-10 18:05:53,136 INFO: Fletube iniciado
2024-10-10 18:05:53,139 INFO: Tema: Dark
2024-10-10 18:05:53,142 INFO: Configurando rotas
2024-10-10 18:05:53,142 INFO: Rota alterada para: /
2024-10-10 18:06:32,735 INFO: Inicializando Fletube
2024-10-10 18:06:32,776 INFO: Assets path configured: F:\Programação\Python\Fletube\assets
2024-10-10 18:06:32,776 INFO: Starting up TCP server on localhost:52380
2024-10-10 18:06:32,783 INFO: Flet app has started...
2024-10-10 18:06:33,249 INFO: App session started
2024-10-10 18:06:33,249 INFO: Fletube iniciado
2024-10-10 18:06:33,251 INFO: Tema: Dark
2024-10-10 18:06:33,255 INFO: Configurando rotas
2024-10-10 18:06:33,255 INFO: Rota alterada para: /
2024-10-10 18:06:46,865 INFO: Inicializando Fletube
2024-10-10 18:06:46,909 INFO: Assets path configured: F:\Programação\Python\Fletube\assets
2024-10-10 18:06:46,909 INFO: Starting up TCP server on localhost:52380
2024-10-10 18:06:46,916 INFO: Flet app has started...
2024-10-10 18:06:47,233 INFO: App session started
2024-10-10 18:06:47,233 INFO: Fletube iniciado
2024-10-10 18:06:47,235 INFO: Tema: Dark
2024-10-10 18:06:47,237 INFO: Configurando rotas
2024-10-10 18:06:47,237 INFO: Rota alterada para: /
2024-10-10 18:07:27,512 INFO: Inicializando Fletube
2024-10-10 18:07:27,557 INFO: Assets path configured: F:\Programação\Python\Fletube\assets
2024-10-10 18:07:27,558 INFO: Starting up TCP server on localhost:52380
2024-10-10 18:07:27,565 INFO: Flet app has started...
2024-10-10 18:07:27,939 INFO: App session started
2024-10-10 18:07:27,941 INFO: Fletube iniciado
2024-10-10 18:07:27,943 INFO: Tema: Dark
2024-10-10 18:07:27,945 INFO: Configurando rotas
2024-10-10 18:07:27,945 INFO: Rota alterada para: /
2024-10-10 18:08:03,729 INFO: Inicializando Fletube
2024-10-10 18:08:03,768 INFO: Assets path configured: F:\Programação\Python\Fletube\assets
2024-10-10 18:08:03,768 INFO: Starting up TCP server on localhost:52380
2024-10-10 18:08:03,775 INFO: Flet app has started...
2024-10-10 18:08:03,937 INFO: App session started
2024-10-10 18:08:03,937 INFO: Fletube iniciado
2024-10-10 18:08:03,939 INFO: Tema: Dark
2024-10-10 18:08:03,941 INFO: Configurando rotas
2024-10-10 18:08:03,942 INFO: Rota alterada para: /
2024-10-10 18:08:06,709 INFO: Inicializando Fletube
2024-10-10 18:08:06,746 INFO: Assets path configured: F:\Programação\Python\Fletube\assets
2024-10-10 18:08:06,746 INFO: Starting up TCP server on localhost:52380
2024-10-10 18:08:06,753 INFO: Flet app has started...
2024-10-10 18:08:07,206 INFO: App session started
2024-10-10 18:08:07,207 INFO: Fletube iniciado
2024-10-10 18:08:07,208 INFO: Tema: Dark
2024-10-10 18:08:07,211 INFO: Configurando rotas
2024-10-10 18:08:07,211 INFO: Rota alterada para: /
2024-10-10 18:08:26,245 INFO: Inicializando Fletube
2024-10-10 18:08:26,290 INFO: Assets path configured: F:\Programação\Python\Fletube\assets
2024-10-10 18:08:26,290 INFO: Starting up TCP server on localhost:52380
2024-10-10 18:08:26,299 INFO: Flet app has started...
2024-10-10 18:08:26,682 INFO: App session started
2024-10-10 18:08:26,682 INFO: Fletube iniciado
2024-10-10 18:08:26,683 INFO: Tema: Dark
2024-10-10 18:08:26,685 INFO: Configurando rotas
2024-10-10 18:08:26,685 INFO: Rota alterada para: /
2024-10-10 18:09:01,544 INFO: Inicializando Fletube
2024-10-10 18:09:01,584 INFO: Assets path configured: F:\Programação\Python\Fletube\assets
2024-10-10 18:09:01,584 INFO: Starting up TCP server on localhost:52380
2024-10-10 18:09:01,592 INFO: Flet app has started...
2024-10-10 18:09:01,970 INFO: App session started
2024-10-10 18:09:01,970 INFO: Fletube iniciado
2024-10-10 18:09:01,972 INFO: Tema: Dark
2024-10-10 18:09:01,974 INFO: Configurando rotas
2024-10-10 18:09:01,974 INFO: Rota alterada para: /
2024-10-10 18:09:20,758 INFO: Inicializando Fletube
2024-10-10 18:09:20,799 INFO: Assets path configured: F:\Programação\Python\Fletube\assets
2024-10-10 18:09:20,799 INFO: Starting up TCP server on localhost:52380
2024-10-10 18:09:20,805 INFO: Flet app has started...
2024-10-10 18:09:21,045 INFO: App session started
2024-10-10 18:09:21,045 INFO: Fletube iniciado
2024-10-10 18:09:21,046 INFO: Tema: Dark
2024-10-10 18:09:21,051 INFO: Configurando rotas
2024-10-10 18:09:21,051 INFO: Rota alterada para: /
2024-10-10 18:15:20,652 INFO: Inicializando Fletube
2024-10-10 18:15:20,759 INFO: Assets path configured: F:\Programação\Python\Fletube\assets
2024-10-10 18:15:20,759 INFO: Starting up TCP server on localhost:52380
2024-10-10 18:15:20,767 INFO: Flet app has started...
2024-10-10 18:15:21,007 INFO: App session started
2024-10-10 18:15:21,007 INFO: Fletube iniciado
2024-10-10 18:15:21,009 INFO: Tema: Dark
2024-10-10 18:15:21,011 INFO: Configurando rotas
2024-10-10 18:15:21,011 INFO: Rota alterada para: /
2024-10-10 18:15:35,696 INFO: Inicializando Fletube
2024-10-10 18:15:35,740 INFO: Assets path configured: F:\Programação\Python\Fletube\assets
2024-10-10 18:15:35,741 INFO: Starting up TCP server on localhost:52380
2024-10-10 18:15:35,747 INFO: Flet app has started...
2024-10-10 18:15:36,051 INFO: App session started
2024-10-10 18:15:36,051 INFO: Fletube iniciado
2024-10-10 18:15:36,052 INFO: Tema: Dark
2024-10-10 18:15:36,054 INFO: Configurando rotas
2024-10-10 18:15:36,054 INFO: Rota alterada para: /
2024-10-10 18:15:59,658 INFO: Inicializando Fletube
2024-10-10 18:15:59,701 INFO: Assets path configured: F:\Programação\Python\Fletube\assets
2024-10-10 18:15:59,702 INFO: Starting up TCP server on localhost:52380
2024-10-10 18:15:59,709 INFO: Flet app has started...
2024-10-10 18:15:59,909 INFO: App session started
2024-10-10 18:15:59,910 INFO: Fletube iniciado
2024-10-10 18:15:59,912 INFO: Tema: Dark
2024-10-10 18:15:59,918 INFO: Configurando rotas
2024-10-10 18:15:59,918 INFO: Rota alterada para: /
2024-10-10 18:20:33,291 INFO: Inicializando Fletube
2024-10-10 18:20:33,399 INFO: Assets path configured: F:\Programação\Python\Fletube\assets
2024-10-10 18:20:33,399 INFO: Starting up TCP server on localhost:52380
2024-10-10 18:20:33,407 INFO: Flet app has started...
2024-10-10 18:20:33,562 INFO: App session started
2024-10-10 18:20:33,563 INFO: Fletube iniciado
2024-10-10 18:20:33,564 INFO: Tema: Dark
2024-10-10 18:20:33,567 INFO: Configurando rotas
2024-10-10 18:20:33,567 INFO: Rota alterada para: /
2024-10-10 18:21:58,684 INFO: Inicializando Fletube
2024-10-10 18:21:58,738 INFO: Assets path configured: F:\Programação\Python\Fletube\assets
2024-10-10 18:21:58,738 INFO: Starting up TCP server on localhost:52380
2024-10-10 18:21:58,745 INFO: Flet app has started...
2024-10-10 18:21:59,051 INFO: App session started
2024-10-10 18:21:59,051 INFO: Fletube iniciado
2024-10-10 18:21:59,053 INFO: Tema: Dark
2024-10-10 18:21:59,056 INFO: Configurando rotas
2024-10-10 18:21:59,056 INFO: Rota alterada para: /
2024-10-10 18:21:59,982 INFO: Inicializando Fletube
2024-10-10 18:22:00,026 INFO: Assets path configured: F:\Programação\Python\Fletube\assets
2024-10-10 18:22:00,027 INFO: Starting up TCP server on localhost:52380
2024-10-10 18:22:00,033 INFO: Flet app has started...
2024-10-10 18:22:00,308 INFO: App session started
2024-10-10 18:22:00,308 INFO: Fletube iniciado
2024-10-10 18:22:00,310 INFO: Tema: Dark
2024-10-10 18:22:00,311 INFO: Configurando rotas
2024-10-10 18:22:00,311 INFO: Rota alterada para: /
2024-10-10 18:22:01,274 INFO: Inicializando Fletube
2024-10-10 18:22:01,318 INFO: Assets path configured: F:\Programação\Python\Fletube\assets
2024-10-10 18:22:01,319 INFO: Starting up TCP server on localhost:52380
2024-10-10 18:22:01,325 INFO: Flet app has started...
2024-10-10 18:22:01,564 INFO: App session started
2024-10-10 18:22:01,565 INFO: Fletube iniciado
2024-10-10 18:22:01,567 INFO: Tema: Dark
2024-10-10 18:22:01,571 INFO: Configurando rotas
2024-10-10 18:22:01,571 INFO: Rota alterada para: /
2024-10-10 18:22:18,120 INFO: Inicializando Fletube
2024-10-10 18:22:18,175 INFO: Assets path configured: F:\Programação\Python\Fletube\assets
2024-10-10 18:22:18,175 INFO: Starting up TCP server on localhost:52380
2024-10-10 18:22:18,184 INFO: Flet app has started...
2024-10-10 18:22:18,477 INFO: App session started
2024-10-10 18:22:18,478 INFO: Fletube iniciado
2024-10-10 18:22:18,480 INFO: Tema: Dark
2024-10-10 18:22:18,484 INFO: Configurando rotas
2024-10-10 18:22:18,484 INFO: Rota alterada para: /
2024-10-10 18:22:51,889 INFO: Inicializando Fletube
2024-10-10 18:22:51,928 INFO: Assets path configured: F:\Programação\Python\Fletube\assets
2024-10-10 18:22:51,929 INFO: Starting up TCP server on localhost:52380
2024-10-10 18:22:51,935 INFO: Flet app has started...
2024-10-10 18:22:52,349 INFO: App session started
2024-10-10 18:22:52,350 INFO: Fletube iniciado
2024-10-10 18:22:52,352 INFO: Tema: Dark
2024-10-10 18:22:52,354 INFO: Configurando rotas
2024-10-10 18:22:52,354 INFO: Rota alterada para: /
2024-10-10 18:27:23,897 INFO: Inicializando Fletube
2024-10-10 18:27:24,005 INFO: Assets path configured: F:\Programação\Python\Fletube\assets
2024-10-10 18:27:24,006 INFO: Starting up TCP server on localhost:52380
2024-10-10 18:27:24,013 INFO: Flet app has started...
2024-10-10 18:27:24,372 INFO: App session started
2024-10-10 18:27:24,373 INFO: Fletube iniciado
2024-10-10 18:27:24,375 INFO: Tema: Dark
2024-10-10 18:27:24,377 INFO: Configurando rotas
2024-10-10 18:27:24,377 INFO: Rota alterada para: /
2024-10-10 18:29:00,138 INFO: Inicializando Fletube
2024-10-10 18:29:00,312 INFO: Assets path configured: F:\Programação\Python\Fletube\assets
2024-10-10 18:29:00,312 INFO: Starting up TCP server on localhost:52380
2024-10-10 18:29:00,319 INFO: Flet app has started...
2024-10-10 18:29:00,352 INFO: App session started
2024-10-10 18:29:00,352 INFO: Fletube iniciado
2024-10-10 18:29:00,354 INFO: Tema: Dark
2024-10-10 18:29:00,359 INFO: Configurando rotas
2024-10-10 18:29:00,359 INFO: Rota alterada para: /
2024-10-10 18:29:29,212 INFO: Inicializando Fletube
2024-10-10 18:29:29,256 INFO: Assets path configured: F:\Programação\Python\Fletube\assets
2024-10-10 18:29:29,256 INFO: Starting up TCP server on localhost:52380
2024-10-10 18:29:29,263 INFO: Flet app has started...
2024-10-10 18:29:29,507 INFO: App session started
2024-10-10 18:29:29,507 INFO: Fletube iniciado
2024-10-10 18:29:29,509 INFO: Tema: Dark
2024-10-10 18:29:29,511 INFO: Configurando rotas
2024-10-10 18:29:29,511 INFO: Rota alterada para: /
2024-10-10 18:30:30,123 INFO: Inicializando Fletube
2024-10-10 18:30:30,175 INFO: Assets path configured: F:\Programação\Python\Fletube\assets
2024-10-10 18:30:30,175 INFO: Starting up TCP server on localhost:52380
2024-10-10 18:30:30,182 INFO: Flet app has started...
2024-10-10 18:30:30,417 INFO: App session started
2024-10-10 18:30:30,418 INFO: Fletube iniciado
2024-10-10 18:30:30,419 INFO: Tema: Dark
2024-10-10 18:30:30,421 INFO: Configurando rotas
2024-10-10 18:30:30,421 INFO: Rota alterada para: /
2024-10-10 18:31:13,283 INFO: Inicializando Fletube
2024-10-10 18:31:13,329 INFO: Assets path configured: F:\Programação\Python\Fletube\assets
2024-10-10 18:31:13,330 INFO: Starting up TCP server on localhost:52380
2024-10-10 18:31:13,337 INFO: Flet app has started...
2024-10-10 18:31:13,690 INFO: App session started
2024-10-10 18:31:13,691 INFO: Fletube iniciado
2024-10-10 18:31:13,693 INFO: Tema: Dark
2024-10-10 18:31:13,695 INFO: Configurando rotas
2024-10-10 18:31:13,695 INFO: Rota alterada para: /
2024-10-10 18:31:41,447 INFO: Inicializando Fletube
2024-10-10 18:31:41,492 INFO: Assets path configured: F:\Programação\Python\Fletube\assets
2024-10-10 18:31:41,492 INFO: Starting up TCP server on localhost:52380
2024-10-10 18:31:41,499 INFO: Flet app has started...
2024-10-10 18:31:41,903 INFO: App session started
2024-10-10 18:31:41,904 INFO: Fletube iniciado
2024-10-10 18:31:41,908 INFO: Tema: Dark
2024-10-10 18:31:41,911 INFO: Configurando rotas
2024-10-10 18:31:41,911 INFO: Rota alterada para: /
2024-10-10 18:31:55,433 INFO: Inicializando Fletube
2024-10-10 18:31:55,494 INFO: Assets path configured: F:\Programação\Python\Fletube\assets
2024-10-10 18:31:55,494 INFO: Starting up TCP server on localhost:52380
2024-10-10 18:31:55,504 INFO: Flet app has started...
2024-10-10 18:31:55,518 INFO: App session started
2024-10-10 18:31:55,518 INFO: Fletube iniciado
2024-10-10 18:31:55,519 INFO: Tema: Dark
2024-10-10 18:31:55,524 INFO: Configurando rotas
2024-10-10 18:31:55,524 INFO: Rota alterada para: /
2024-10-10 18:32:06,690 INFO: Inicializando Fletube
2024-10-10 18:32:06,737 INFO: Assets path configured: F:\Programação\Python\Fletube\assets
2024-10-10 18:32:06,737 INFO: Starting up TCP server on localhost:52380
2024-10-10 18:32:06,745 INFO: Flet app has started...
2024-10-10 18:32:07,100 INFO: App session started
2024-10-10 18:32:07,100 INFO: Fletube iniciado
2024-10-10 18:32:07,102 INFO: Tema: Dark
2024-10-10 18:32:07,104 INFO: Configurando rotas
2024-10-10 18:32:07,104 INFO: Rota alterada para: /
2024-10-10 18:32:30,067 INFO: Inicializando Fletube
2024-10-10 18:32:30,113 INFO: Assets path configured: F:\Programação\Python\Fletube\assets
2024-10-10 18:32:30,113 INFO: Starting up TCP server on localhost:52380
2024-10-10 18:32:30,119 INFO: Flet app has started...
2024-10-10 18:32:30,552 INFO: App session started
2024-10-10 18:32:30,552 INFO: Fletube iniciado
2024-10-10 18:32:30,554 INFO: Tema: Dark
2024-10-10 18:32:30,558 INFO: Configurando rotas
2024-10-10 18:32:30,558 INFO: Rota alterada para: /
2024-10-10 18:32:38,726 INFO: Inicializando Fletube
2024-10-10 18:32:38,773 INFO: Assets path configured: F:\Programação\Python\Fletube\assets
2024-10-10 18:32:38,774 INFO: Starting up TCP server on localhost:52380
2024-10-10 18:32:38,780 INFO: Flet app has started...
2024-10-10 18:32:55,609 INFO: Inicializando Fletube
2024-10-10 18:32:55,652 INFO: Assets path configured: F:\Programação\Python\Fletube\assets
2024-10-10 18:32:55,653 INFO: Starting up TCP server on localhost:52380
2024-10-10 18:32:55,659 INFO: Flet app has started...
2024-10-10 18:32:59,279 INFO: Inicializando Fletube
2024-10-10 18:32:59,322 INFO: Assets path configured: F:\Programação\Python\Fletube\assets
2024-10-10 18:32:59,322 INFO: Starting up TCP server on localhost:52759
2024-10-10 18:32:59,329 INFO: Flet app has started...
2024-10-10 18:32:59,636 INFO: App session started
2024-10-10 18:32:59,638 INFO: Fletube iniciado
2024-10-10 18:32:59,641 INFO: Tema: Dark
2024-10-10 18:32:59,645 INFO: Configurando rotas
2024-10-10 18:32:59,645 INFO: Rota alterada para: /
2024-10-10 18:33:11,567 INFO: Inicializando Fletube
2024-10-10 18:33:11,612 INFO: Assets path configured: F:\Programação\Python\Fletube\assets
2024-10-10 18:33:11,613 INFO: Starting up TCP server on localhost:52759
2024-10-10 18:33:11,620 INFO: Flet app has started...
2024-10-10 18:33:11,858 INFO: App session started
2024-10-10 18:33:11,858 INFO: Fletube iniciado
2024-10-10 18:33:11,860 INFO: Tema: Dark
2024-10-10 18:33:11,865 INFO: Configurando rotas
2024-10-10 18:33:11,865 INFO: Rota alterada para: /
2024-10-10 18:33:15,959 INFO: Inicializando Fletube
2024-10-10 18:33:16,003 INFO: Assets path configured: F:\Programação\Python\Fletube\assets
2024-10-10 18:33:16,003 INFO: Starting up TCP server on localhost:52759
2024-10-10 18:33:16,011 INFO: Flet app has started...
2024-10-10 18:33:16,404 INFO: App session started
2024-10-10 18:33:16,404 INFO: Fletube iniciado
2024-10-10 18:33:16,407 INFO: Tema: Dark
2024-10-10 18:33:16,409 INFO: Configurando rotas
2024-10-10 18:33:16,409 INFO: Rota alterada para: /
2024-10-10 18:34:14,008 INFO: Inicializando Fletube
2024-10-10 18:34:14,066 INFO: Assets path configured: F:\Programação\Python\Fletube\assets
2024-10-10 18:34:14,066 INFO: Starting up TCP server on localhost:52759
2024-10-10 18:34:14,074 INFO: Flet app has started...
2024-10-10 18:34:14,364 INFO: App session started
2024-10-10 18:34:14,365 INFO: Fletube iniciado
2024-10-10 18:34:14,367 INFO: Tema: Dark
2024-10-10 18:34:14,369 INFO: Configurando rotas
2024-10-10 18:34:14,369 INFO: Rota alterada para: /
2024-10-10 18:37:47,436 INFO: Inicializando Fletube
2024-10-10 18:37:47,481 INFO: Assets path configured: F:\Programação\Python\Fletube\assets
2024-10-10 18:37:47,482 INFO: Starting up TCP server on localhost:52759
2024-10-10 18:37:47,489 INFO: Flet app has started...
2024-10-10 18:37:47,874 INFO: App session started
2024-10-10 18:37:47,874 INFO: Fletube iniciado
2024-10-10 18:37:47,876 INFO: Tema: Dark
2024-10-10 18:37:47,878 INFO: Configurando rotas
2024-10-10 18:37:47,878 INFO: Rota alterada para: /
2024-10-10 18:39:52,152 INFO: Inicializando Fletube
2024-10-10 18:39:52,247 INFO: Assets path configured: F:\Programação\Python\Fletube\assets
2024-10-10 18:39:52,247 INFO: Starting up TCP server on localhost:52759
2024-10-10 18:39:52,253 INFO: Flet app has started...
2024-10-10 18:39:52,503 INFO: App session started
2024-10-10 18:39:52,503 INFO: Fletube iniciado
2024-10-10 18:39:52,508 INFO: Tema: Dark
2024-10-10 18:39:52,510 INFO: Configurando rotas
2024-10-10 18:39:52,510 INFO: Rota alterada para: /
2024-10-10 18:40:17,456 INFO: Inicializando Fletube
2024-10-10 18:40:17,501 INFO: Assets path configured: F:\Programação\Python\Fletube\assets
2024-10-10 18:40:17,501 INFO: Starting up TCP server on localhost:52759
2024-10-10 18:40:17,508 INFO: Flet app has started...
2024-10-10 18:40:17,913 INFO: App session started
2024-10-10 18:40:17,913 INFO: Fletube iniciado
2024-10-10 18:40:17,915 INFO: Tema: Dark
2024-10-10 18:40:17,917 INFO: Configurando rotas
2024-10-10 18:40:17,917 INFO: Rota alterada para: /
2024-10-10 18:43:13,910 INFO: Inicializando Fletube
2024-10-10 18:43:14,004 INFO: Assets path configured: F:\Programação\Python\Fletube\assets
2024-10-10 18:43:14,004 INFO: Starting up TCP server on localhost:52759
2024-10-10 18:43:14,012 INFO: Flet app has started...
2024-10-10 18:43:14,432 INFO: App session started
2024-10-10 18:43:14,432 INFO: Fletube iniciado
2024-10-10 18:43:14,434 INFO: Tema: Dark
2024-10-10 18:43:14,436 INFO: Configurando rotas
2024-10-10 18:43:14,436 INFO: Rota alterada para: /
2024-10-10 18:43:35,716 INFO: Inicializando Fletube
2024-10-10 18:43:35,764 INFO: Assets path configured: F:\Programação\Python\Fletube\assets
2024-10-10 18:43:35,764 INFO: Starting up TCP server on localhost:52759
2024-10-10 18:43:35,770 INFO: Flet app has started...
2024-10-10 18:43:35,911 INFO: App session started
2024-10-10 18:43:35,911 INFO: Fletube iniciado
2024-10-10 18:43:35,912 INFO: Tema: Dark
2024-10-10 18:43:35,918 INFO: Configurando rotas
2024-10-10 18:43:35,918 INFO: Rota alterada para: /
2024-10-10 18:43:38,493 INFO: Inicializando Fletube
2024-10-10 18:43:38,543 INFO: Assets path configured: F:\Programação\Python\Fletube\assets
2024-10-10 18:43:38,543 INFO: Starting up TCP server on localhost:52759
2024-10-10 18:43:38,552 INFO: Flet app has started...
2024-10-10 18:43:38,724 INFO: App session started
2024-10-10 18:43:38,724 INFO: Fletube iniciado
2024-10-10 18:43:38,726 INFO: Tema: Dark
2024-10-10 18:43:38,728 INFO: Configurando rotas
2024-10-10 18:43:38,728 INFO: Rota alterada para: /
2024-10-10 18:44:01,095 INFO: Inicializando Fletube
2024-10-10 18:44:01,135 INFO: Assets path configured: F:\Programação\Python\Fletube\assets
2024-10-10 18:44:01,136 INFO: Starting up TCP server on localhost:52759
2024-10-10 18:44:01,142 INFO: Flet app has started...
2024-10-10 18:44:01,288 INFO: App session started
2024-10-10 18:44:01,290 INFO: Fletube iniciado
2024-10-10 18:44:01,291 INFO: Tema: Dark
2024-10-10 18:44:01,294 INFO: Configurando rotas
2024-10-10 18:44:01,295 INFO: Rota alterada para: /
2024-10-10 18:44:18,273 INFO: Inicializando Fletube
2024-10-10 18:44:18,317 INFO: Assets path configured: F:\Programação\Python\Fletube\assets
2024-10-10 18:44:18,317 INFO: Starting up TCP server on localhost:52759
2024-10-10 18:44:18,323 INFO: Flet app has started...
2024-10-10 18:44:18,613 INFO: App session started
2024-10-10 18:44:18,615 INFO: Fletube iniciado
2024-10-10 18:44:18,617 INFO: Tema: Dark
2024-10-10 18:44:18,619 INFO: Configurando rotas
2024-10-10 18:44:18,619 INFO: Rota alterada para: /
2024-10-10 18:44:41,013 INFO: Inicializando Fletube
2024-10-10 18:44:41,053 INFO: Assets path configured: F:\Programação\Python\Fletube\assets
2024-10-10 18:44:41,053 INFO: Starting up TCP server on localhost:52759
2024-10-10 18:44:41,063 INFO: Flet app has started...
2024-10-10 18:44:41,507 INFO: App session started
2024-10-10 18:44:41,507 INFO: Fletube iniciado
2024-10-10 18:44:41,509 INFO: Tema: Dark
2024-10-10 18:44:41,512 INFO: Configurando rotas
2024-10-10 18:44:41,512 INFO: Rota alterada para: /
2024-10-10 18:44:45,428 INFO: Inicializando Fletube
2024-10-10 18:44:45,471 INFO: Assets path configured: F:\Programação\Python\Fletube\assets
2024-10-10 18:44:45,471 INFO: Starting up TCP server on localhost:52759
2024-10-10 18:44:45,478 INFO: Flet app has started...
2024-10-10 18:44:45,896 INFO: App session started
2024-10-10 18:44:45,896 INFO: Fletube iniciado
2024-10-10 18:44:45,898 INFO: Tema: Dark
2024-10-10 18:44:45,901 INFO: Configurando rotas
2024-10-10 18:44:45,901 INFO: Rota alterada para: /
2024-10-10 18:44:57,649 INFO: Inicializando Fletube
2024-10-10 18:44:57,691 INFO: Assets path configured: F:\Programação\Python\Fletube\assets
2024-10-10 18:44:57,691 INFO: Starting up TCP server on localhost:52759
2024-10-10 18:44:57,698 INFO: Flet app has started...
2024-10-10 18:44:58,081 INFO: App session started
2024-10-10 18:44:58,081 INFO: Fletube iniciado
2024-10-10 18:44:58,083 INFO: Tema: Dark
2024-10-10 18:44:58,085 INFO: Configurando rotas
2024-10-10 18:44:58,085 INFO: Rota alterada para: /
2024-10-10 18:45:15,205 INFO: Inicializando Fletube
2024-10-10 18:45:15,248 INFO: Assets path configured: F:\Programação\Python\Fletube\assets
2024-10-10 18:45:15,249 INFO: Starting up TCP server on localhost:52759
2024-10-10 18:45:15,255 INFO: Flet app has started...
2024-10-10 18:45:27,623 INFO: Inicializando Fletube
2024-10-10 18:45:27,667 INFO: Assets path configured: F:\Programação\Python\Fletube\assets
2024-10-10 18:45:27,668 INFO: Starting up TCP server on localhost:52759
2024-10-10 18:45:27,674 INFO: Flet app has started...
2024-10-10 18:45:32,441 INFO: Inicializando Fletube
2024-10-10 18:45:32,483 INFO: Assets path configured: F:\Programação\Python\Fletube\assets
2024-10-10 18:45:32,484 INFO: Starting up TCP server on localhost:61211
2024-10-10 18:45:32,490 INFO: Flet app has started...
2024-10-10 18:45:33,508 INFO: Inicializando Fletube
2024-10-10 18:45:33,553 INFO: Assets path configured: F:\Programação\Python\Fletube\assets
2024-10-10 18:45:33,553 INFO: Starting up TCP server on localhost:61211
2024-10-10 18:45:33,561 INFO: Flet app has started...
2024-10-10 18:45:33,736 INFO: App session started
2024-10-10 18:45:33,737 INFO: Fletube iniciado
2024-10-10 18:45:33,741 INFO: Tema: Dark
2024-10-10 18:45:33,744 INFO: Configurando rotas
2024-10-10 18:45:33,744 INFO: Rota alterada para: /
2024-10-10 18:46:29,555 INFO: Inicializando Fletube
2024-10-10 18:46:29,610 INFO: Assets path configured: F:\Programação\Python\Fletube\assets
2024-10-10 18:46:29,610 INFO: Starting up TCP server on localhost:61211
2024-10-10 18:46:29,617 INFO: Flet app has started...
2024-10-10 18:46:29,965 INFO: App session started
2024-10-10 18:46:29,965 INFO: Fletube iniciado
2024-10-10 18:46:29,967 INFO: Tema: Dark
2024-10-10 18:46:29,971 INFO: Configurando rotas
2024-10-10 18:46:29,971 INFO: Rota alterada para: /
2024-10-10 18:51:50,305 INFO: Inicializando Fletube
2024-10-10 18:51:50,350 INFO: Assets path configured: F:\Programação\Python\Fletube\assets
2024-10-10 18:51:50,350 INFO: Starting up TCP server on localhost:61211
2024-10-10 18:51:50,359 INFO: Flet app has started...
2024-10-10 18:51:50,696 INFO: App session started
2024-10-10 18:51:50,696 INFO: Fletube iniciado
2024-10-10 18:51:50,698 INFO: Tema: Dark
2024-10-10 18:51:50,701 INFO: Configurando rotas
2024-10-10 18:51:50,701 INFO: Rota alterada para: /
2024-10-10 18:52:13,236 INFO: Inicializando Fletube
2024-10-10 18:52:13,284 INFO: Assets path configured: F:\Programação\Python\Fletube\assets
2024-10-10 18:52:13,285 INFO: Starting up TCP server on localhost:61211
2024-10-10 18:52:13,293 INFO: Flet app has started...
2024-10-10 18:52:13,337 INFO: App session started
2024-10-10 18:52:13,342 INFO: Fletube iniciado
2024-10-10 18:52:13,343 INFO: Tema: Dark
2024-10-10 18:52:13,346 INFO: Configurando rotas
2024-10-10 18:52:13,346 INFO: Rota alterada para: /
2024-10-10 18:52:38,459 INFO: Inicializando Fletube
2024-10-10 18:52:38,518 INFO: Assets path configured: F:\Programação\Python\Fletube\assets
2024-10-10 18:52:38,519 INFO: Starting up TCP server on localhost:61211
2024-10-10 18:52:38,528 INFO: Flet app has started...
2024-10-10 18:52:38,603 INFO: App session started
2024-10-10 18:52:38,605 INFO: Fletube iniciado
2024-10-10 18:52:38,607 INFO: Tema: Dark
2024-10-10 18:52:38,609 INFO: Configurando rotas
2024-10-10 18:52:38,609 INFO: Rota alterada para: /
2024-10-10 18:55:56,417 INFO: Inicializando Fletube
2024-10-10 18:55:56,544 INFO: Assets path configured: F:\Programação\Python\Fletube\assets
2024-10-10 18:55:56,545 INFO: Starting up TCP server on localhost:61211
2024-10-10 18:55:56,553 INFO: Flet app has started...
2024-10-10 18:55:56,674 INFO: App session started
2024-10-10 18:55:56,674 INFO: Fletube iniciado
2024-10-10 18:55:56,675 INFO: Tema: Dark
2024-10-10 18:55:56,677 INFO: Configurando rotas
2024-10-10 18:55:56,677 INFO: Rota alterada para: /
2024-10-10 18:56:04,559 INFO: Inicializando Fletube
2024-10-10 18:56:04,701 INFO: Assets path configured: F:\Programação\Python\Fletube\assets
2024-10-10 18:56:04,701 INFO: Starting up TCP server on localhost:61211
2024-10-10 18:56:04,709 INFO: Flet app has started...
2024-10-10 18:56:04,869 INFO: App session started
2024-10-10 18:56:04,869 INFO: Fletube iniciado
2024-10-10 18:56:04,870 INFO: Tema: Dark
2024-10-10 18:56:04,877 INFO: Configurando rotas
2024-10-10 18:56:04,877 INFO: Rota alterada para: /
2024-10-10 18:56:39,902 INFO: Inicializando Fletube
2024-10-10 18:56:39,975 INFO: Assets path configured: F:\Programação\Python\Fletube\assets
2024-10-10 18:56:39,976 INFO: Starting up TCP server on localhost:61211
2024-10-10 18:56:39,984 INFO: Flet app has started...
2024-10-10 18:56:39,995 INFO: App session started
2024-10-10 18:56:39,997 INFO: Fletube iniciado
2024-10-10 18:56:39,999 INFO: Tema: Dark
2024-10-10 18:56:40,001 INFO: Configurando rotas
2024-10-10 18:56:40,001 INFO: Rota alterada para: /
2024-10-10 18:57:13,947 INFO: Inicializando Fletube
2024-10-10 18:57:13,989 INFO: Assets path configured: F:\Programação\Python\Fletube\assets
2024-10-10 18:57:13,990 INFO: Starting up TCP server on localhost:61211
2024-10-10 18:57:13,997 INFO: Flet app has started...
2024-10-10 18:57:27,661 INFO: Inicializando Fletube
2024-10-10 18:57:27,704 INFO: Assets path configured: F:\Programação\Python\Fletube\assets
2024-10-10 18:57:27,704 INFO: Starting up TCP server on localhost:61585
2024-10-10 18:57:27,711 INFO: Flet app has started...
2024-10-10 18:57:27,938 INFO: App session started
2024-10-10 18:57:27,974 INFO: Fletube iniciado
2024-10-10 18:57:27,984 INFO: Tema: Dark
2024-10-10 18:57:27,988 INFO: Configurando rotas
2024-10-10 18:57:27,989 INFO: Rota alterada para: /
2024-10-10 18:57:36,782 INFO: Inicializando Fletube
2024-10-10 18:57:36,858 INFO: Assets path configured: F:\Programação\Python\Fletube\assets
2024-10-10 18:57:36,859 INFO: Starting up TCP server on localhost:61211
2024-10-10 18:57:36,867 INFO: Flet app has started...
2024-10-10 18:57:38,303 INFO: Inicializando Fletube
2024-10-10 18:57:38,352 INFO: Assets path configured: F:\Programação\Python\Fletube\assets
2024-10-10 18:57:38,353 INFO: Starting up TCP server on localhost:61211
2024-10-10 18:57:38,361 INFO: Flet app has started...
2024-10-10 19:01:41,825 INFO: Inicializando Fletube
2024-10-10 19:01:41,867 INFO: Assets path configured: F:\Programação\Python\Fletube\assets
2024-10-10 19:01:41,868 INFO: Starting up TCP server on localhost:49759
2024-10-10 19:01:41,875 INFO: Flet app has started...
2024-10-10 19:01:42,105 INFO: App session started
2024-10-10 19:01:42,110 INFO: Fletube iniciado
2024-10-10 19:01:42,120 INFO: Tema: Dark
2024-10-10 19:01:42,126 INFO: Configurando rotas
2024-10-10 19:01:42,126 INFO: Rota alterada para: /
2024-10-10 19:03:46,953 INFO: Inicializando Fletube
2024-10-10 19:03:46,999 INFO: Assets path configured: F:\Programação\Python\Fletube\assets
2024-10-10 19:03:46,999 INFO: Starting up TCP server on localhost:49818
2024-10-10 19:03:47,006 INFO: Flet app has started...
2024-10-10 19:03:47,243 INFO: App session started
2024-10-10 19:03:47,250 INFO: Fletube iniciado
2024-10-10 19:03:47,261 INFO: Tema: Dark
2024-10-10 19:03:47,267 INFO: Configurando rotas
2024-10-10 19:03:47,267 INFO: Rota alterada para: /
2024-10-10 19:04:03,163 INFO: Inicializando Fletube
2024-10-10 19:04:03,213 INFO: Assets path configured: F:\Programação\Python\Fletube\assets
2024-10-10 19:04:03,213 INFO: Starting up TCP server on localhost:49848
2024-10-10 19:04:03,221 INFO: Flet app has started...
2024-10-10 19:04:03,471 INFO: App session started
2024-10-10 19:04:03,486 INFO: Fletube iniciado
2024-10-10 19:04:03,493 INFO: Tema: Dark
2024-10-10 19:04:03,495 INFO: Configurando rotas
2024-10-10 19:04:03,495 INFO: Rota alterada para: /
2024-10-10 19:06:24,146 INFO: Inicializando Fletube
2024-10-10 19:06:24,187 INFO: Assets path configured: F:\Programação\Python\Fletube\assets
2024-10-10 19:06:24,187 INFO: Starting up TCP server on localhost:63428
2024-10-10 19:06:24,194 INFO: Flet app has started...
2024-10-10 19:06:24,429 INFO: App session started
2024-10-10 19:06:24,435 INFO: Fletube iniciado
2024-10-10 19:06:24,438 INFO: Tema: Dark
2024-10-10 19:06:24,443 INFO: Configurando rotas
2024-10-10 19:06:24,443 INFO: Rota alterada para: /
2024-10-10 19:06:59,368 INFO: Inicializando Fletube
2024-10-10 19:06:59,411 INFO: Assets path configured: F:\Programação\Python\Fletube\assets
2024-10-10 19:06:59,411 INFO: Starting up TCP server on localhost:63475
2024-10-10 19:06:59,418 INFO: Flet app has started...
2024-10-10 19:06:59,666 INFO: App session started
2024-10-10 19:06:59,695 INFO: Fletube iniciado
2024-10-10 19:06:59,701 INFO: Tema: Dark
2024-10-10 19:06:59,704 INFO: Configurando rotas
2024-10-10 19:06:59,704 INFO: Rota alterada para: /
2024-10-10 19:07:16,838 INFO: Inicializando Fletube
2024-10-10 19:07:16,880 INFO: Assets path configured: F:\Programação\Python\Fletube\assets
2024-10-10 19:07:16,880 INFO: Starting up TCP server on localhost:63475
2024-10-10 19:07:16,887 INFO: Flet app has started...
2024-10-10 19:07:17,174 INFO: App session started
2024-10-10 19:07:17,174 INFO: Fletube iniciado
2024-10-10 19:07:17,177 INFO: Tema: Dark
2024-10-10 19:07:17,179 INFO: Configurando rotas
2024-10-10 19:07:17,179 INFO: Rota alterada para: /
2024-10-10 19:13:42,268 INFO: Inicializando Fletube
2024-10-10 19:13:42,331 INFO: Assets path configured: F:\Programação\Python\Fletube\assets
2024-10-10 19:13:42,331 INFO: Starting up TCP server on localhost:63475
2024-10-10 19:13:42,338 INFO: Flet app has started...
2024-10-10 19:13:42,611 INFO: App session started
2024-10-10 19:13:42,612 INFO: Fletube iniciado
2024-10-10 19:13:42,614 INFO: Tema: Dark
2024-10-10 19:13:42,619 INFO: Configurando rotas
2024-10-10 19:13:42,619 INFO: Rota alterada para: /
2024-10-10 19:14:07,177 INFO: Inicializando Fletube
2024-10-10 19:14:07,223 INFO: Assets path configured: F:\Programação\Python\Fletube\assets
2024-10-10 19:14:07,223 INFO: Starting up TCP server on localhost:63475
2024-10-10 19:14:07,230 INFO: Flet app has started...
2024-10-10 19:17:56,904 INFO: Inicializando Fletube
2024-10-10 19:17:56,948 INFO: Assets path configured: F:\Programação\Python\Fletube\assets
2024-10-10 19:17:56,950 INFO: Starting up TCP server on localhost:63475
2024-10-10 19:17:56,955 INFO: Flet app has started...
2024-10-10 19:18:05,004 INFO: Inicializando Fletube
2024-10-10 19:18:05,046 INFO: Assets path configured: F:\Programação\Python\Fletube\assets
2024-10-10 19:18:05,047 INFO: Starting up TCP server on localhost:57778
2024-10-10 19:18:05,054 INFO: Flet app has started...
2024-10-10 19:18:05,292 INFO: App session started
2024-10-10 19:18:05,294 INFO: Fletube iniciado
2024-10-10 19:18:05,309 INFO: Tema: Dark
2024-10-10 19:18:05,311 INFO: Configurando rotas
2024-10-10 19:18:05,311 INFO: Rota alterada para: /
2024-10-10 19:21:24,526 INFO: Inicializando Fletube
2024-10-10 19:21:24,578 INFO: Assets path configured: F:\Programação\Python\Fletube\assets
2024-10-10 19:21:24,578 INFO: Starting up TCP server on localhost:57778
2024-10-10 19:21:24,585 INFO: Flet app has started...
2024-10-10 19:23:03,865 INFO: Inicializando Fletube
2024-10-10 19:23:03,918 INFO: Assets path configured: F:\Programação\Python\Fletube\assets
2024-10-10 19:23:03,918 INFO: Starting up TCP server on localhost:57778
2024-10-10 19:23:03,924 INFO: Flet app has started...
2024-10-10 19:23:09,649 INFO: Inicializando Fletube
2024-10-10 19:23:09,687 INFO: Assets path configured: F:\Programação\Python\Fletube\assets
2024-10-10 19:23:09,687 INFO: Starting up TCP server on localhost:57954
2024-10-10 19:23:09,693 INFO: Flet app has started...
2024-10-10 19:23:09,940 INFO: App session started
2024-10-10 19:23:09,986 INFO: Fletube iniciado
2024-10-10 19:23:09,992 INFO: Tema: Dark
2024-10-10 19:23:09,995 INFO: Configurando rotas
2024-10-10 19:23:09,995 INFO: Rota alterada para: /
2024-10-10 19:23:53,291 INFO: Inicializando Fletube
2024-10-10 19:23:53,350 INFO: Assets path configured: F:\Programação\Python\Fletube\assets
2024-10-10 19:23:53,350 INFO: Starting up TCP server on localhost:57954
2024-10-10 19:23:53,357 INFO: Flet app has started...
2024-10-10 19:24:07,982 INFO: Inicializando Fletube
2024-10-10 19:24:08,028 INFO: Assets path configured: F:\Programação\Python\Fletube\assets
2024-10-10 19:24:08,028 INFO: Starting up TCP server on localhost:57954
2024-10-10 19:24:08,036 INFO: Flet app has started...
2024-10-10 19:24:08,201 INFO: App session started
2024-10-10 19:24:08,201 INFO: Fletube iniciado
2024-10-10 19:24:08,203 INFO: Tema: Dark
2024-10-10 19:24:08,209 INFO: Configurando rotas
2024-10-10 19:24:08,209 INFO: Rota alterada para: /
2024-10-10 19:25:37,992 INFO: Inicializando Fletube
2024-10-10 19:25:38,094 INFO: Assets path configured: F:\Programação\Python\Fletube\assets
2024-10-10 19:25:38,094 INFO: Starting up TCP server on localhost:57954
2024-10-10 19:25:38,100 INFO: Flet app has started...
2024-10-10 19:25:38,106 INFO: App session started
2024-10-10 19:25:38,106 INFO: Fletube iniciado
2024-10-10 19:25:38,108 INFO: Tema: Dark
2024-10-10 19:25:38,110 INFO: Configurando rotas
2024-10-10 19:25:38,110 INFO: Rota alterada para: /
2024-10-10 19:25:51,543 INFO: Inicializando Fletube
2024-10-10 19:25:51,588 INFO: Assets path configured: F:\Programação\Python\Fletube\assets
2024-10-10 19:25:51,588 INFO: Starting up TCP server on localhost:57954
2024-10-10 19:25:51,595 INFO: Flet app has started...
2024-10-10 19:25:52,037 INFO: App session started
2024-10-10 19:25:52,037 INFO: Fletube iniciado
2024-10-10 19:25:52,040 INFO: Tema: Dark
2024-10-10 19:25:52,043 INFO: Configurando rotas
2024-10-10 19:25:52,043 INFO: Rota alterada para: /
2024-10-10 19:26:40,066 INFO: Inicializando Fletube
2024-10-10 19:26:40,134 INFO: Assets path configured: F:\Programação\Python\Fletube\assets
2024-10-10 19:26:40,135 INFO: Starting up TCP server on localhost:57954
2024-10-10 19:26:40,142 INFO: Flet app has started...
2024-10-10 19:26:40,278 INFO: App session started
2024-10-10 19:26:40,278 INFO: Fletube iniciado
2024-10-10 19:26:40,284 INFO: Tema: Dark
2024-10-10 19:26:40,286 INFO: Configurando rotas
2024-10-10 19:26:40,286 INFO: Rota alterada para: /
2024-10-10 19:27:21,799 INFO: Inicializando Fletube
2024-10-10 19:27:21,844 INFO: Assets path configured: F:\Programação\Python\Fletube\assets
2024-10-10 19:27:21,844 INFO: Starting up TCP server on localhost:57954
2024-10-10 19:27:21,851 INFO: Flet app has started...
2024-10-10 19:27:22,226 INFO: App session started
2024-10-10 19:27:22,226 INFO: Fletube iniciado
2024-10-10 19:27:22,228 INFO: Tema: Dark
2024-10-10 19:27:22,234 INFO: Configurando rotas
2024-10-10 19:27:22,234 INFO: Rota alterada para: /
2024-10-10 19:27:34,243 INFO: Inicializando Fletube
2024-10-10 19:27:34,287 INFO: Assets path configured: F:\Programação\Python\Fletube\assets
2024-10-10 19:27:34,288 INFO: Starting up TCP server on localhost:57954
2024-10-10 19:27:34,295 INFO: Flet app has started...
2024-10-10 19:27:34,596 INFO: App session started
2024-10-10 19:27:34,596 INFO: Fletube iniciado
2024-10-10 19:27:34,599 INFO: Tema: Dark
2024-10-10 19:27:34,602 INFO: Configurando rotas
2024-10-10 19:27:34,602 INFO: Rota alterada para: /
2024-10-10 19:27:43,346 INFO: Inicializando Fletube
2024-10-10 19:27:43,389 INFO: Assets path configured: F:\Programação\Python\Fletube\assets
2024-10-10 19:27:43,390 INFO: Starting up TCP server on localhost:57954
2024-10-10 19:27:43,396 INFO: Flet app has started...
2024-10-10 19:27:43,793 INFO: App session started
2024-10-10 19:27:43,793 INFO: Fletube iniciado
2024-10-10 19:27:43,795 INFO: Tema: Dark
2024-10-10 19:27:43,801 INFO: Configurando rotas
2024-10-10 19:27:43,801 INFO: Rota alterada para: /
2024-10-10 19:27:50,634 INFO: Inicializando Fletube
2024-10-10 19:27:50,676 INFO: Assets path configured: F:\Programação\Python\Fletube\assets
2024-10-10 19:27:50,676 INFO: Starting up TCP server on localhost:57954
2024-10-10 19:27:50,683 INFO: Flet app has started...
2024-10-10 19:27:51,146 INFO: App session started
2024-10-10 19:27:51,146 INFO: Fletube iniciado
2024-10-10 19:27:51,148 INFO: Tema: Dark
2024-10-10 19:27:51,152 INFO: Configurando rotas
2024-10-10 19:27:51,152 INFO: Rota alterada para: /
2024-10-10 19:28:09,961 INFO: Inicializando Fletube
2024-10-10 19:28:10,003 INFO: Assets path configured: F:\Programação\Python\Fletube\assets
2024-10-10 19:28:10,003 INFO: Starting up TCP server on localhost:57954
2024-10-10 19:28:10,012 INFO: Flet app has started...
2024-10-10 19:28:10,037 INFO: App session started
2024-10-10 19:28:10,037 INFO: Fletube iniciado
2024-10-10 19:28:10,040 INFO: Tema: Dark
2024-10-10 19:28:10,043 INFO: Configurando rotas
2024-10-10 19:28:10,043 INFO: Rota alterada para: /
2024-10-10 19:29:47,784 INFO: Inicializando Fletube
2024-10-10 19:29:47,885 INFO: Assets path configured: F:\Programação\Python\Fletube\assets
2024-10-10 19:29:47,886 INFO: Starting up TCP server on localhost:57954
2024-10-10 19:29:47,894 INFO: Flet app has started...
2024-10-10 19:29:48,043 INFO: App session started
2024-10-10 19:29:48,044 INFO: Fletube iniciado
2024-10-10 19:29:48,045 INFO: Tema: Dark
2024-10-10 19:29:48,052 INFO: Configurando rotas
2024-10-10 19:29:48,052 INFO: Rota alterada para: /
2024-10-10 19:30:19,380 INFO: Inicializando Fletube
2024-10-10 19:30:19,422 INFO: Assets path configured: F:\Programação\Python\Fletube\assets
2024-10-10 19:30:19,422 INFO: Starting up TCP server on localhost:57954
2024-10-10 19:30:19,428 INFO: Flet app has started...
2024-10-10 19:30:19,775 INFO: App session started
2024-10-10 19:30:19,775 INFO: Fletube iniciado
2024-10-10 19:30:19,777 INFO: Tema: Dark
2024-10-10 19:30:19,779 INFO: Configurando rotas
2024-10-10 19:30:19,779 INFO: Rota alterada para: /
2024-10-10 19:32:09,862 INFO: Inicializando Fletube
2024-10-10 19:32:09,962 INFO: Assets path configured: F:\Programação\Python\Fletube\assets
2024-10-10 19:32:09,962 INFO: Starting up TCP server on localhost:57954
2024-10-10 19:32:09,969 INFO: Flet app has started...
2024-10-10 19:33:30,924 INFO: Inicializando Fletube
2024-10-10 19:33:30,978 INFO: Assets path configured: F:\Programação\Python\Fletube\assets
2024-10-10 19:33:30,978 INFO: Starting up TCP server on localhost:57954
2024-10-10 19:33:30,985 INFO: Flet app has started...
2024-10-10 19:40:56,415 INFO: Inicializando Fletube
2024-10-10 19:40:56,505 INFO: Assets path configured: F:\Programação\Python\Fletube\assets
2024-10-10 19:40:56,505 INFO: Starting up TCP server on localhost:57954
2024-10-10 19:40:56,512 INFO: Flet app has started...
2024-10-10 19:40:56,888 INFO: App session started
2024-10-10 19:40:56,890 INFO: Fletube iniciado
2024-10-10 19:40:56,893 INFO: Tema: Dark
2024-10-10 19:40:56,897 INFO: Configurando rotas
2024-10-10 19:40:56,897 INFO: Rota alterada para: /
2024-10-10 19:43:56,459 INFO: Inicializando Fletube
2024-10-10 19:43:57,529 INFO: Inicializando Fletube
2024-10-10 19:43:57,710 INFO: Assets path configured: F:\Programação\Python\Fletube\assets
2024-10-10 19:43:57,711 INFO: Starting up TCP server on localhost:57954
2024-10-10 19:43:57,718 INFO: Flet app has started...
2024-10-10 19:43:58,027 INFO: App session started
2024-10-10 19:43:58,027 INFO: Fletube iniciado
2024-10-10 19:43:58,029 INFO: Tema: Dark
2024-10-10 19:43:58,035 INFO: Configurando rotas
2024-10-10 19:43:58,035 INFO: Rota alterada para: /
2024-10-10 19:44:12,797 INFO: Inicializando Fletube
2024-10-10 19:44:12,849 INFO: Assets path configured: F:\Programação\Python\Fletube\assets
2024-10-10 19:44:12,849 INFO: Starting up TCP server on localhost:57954
2024-10-10 19:44:12,856 INFO: Flet app has started...
2024-10-10 19:44:17,037 INFO: Inicializando Fletube
2024-10-10 19:44:17,077 INFO: Assets path configured: F:\Programação\Python\Fletube\assets
2024-10-10 19:44:17,078 INFO: Starting up TCP server on localhost:57954
2024-10-10 19:44:17,084 INFO: Flet app has started...
2024-10-10 19:44:33,921 INFO: Inicializando Fletube
2024-10-10 19:44:33,964 INFO: Assets path configured: F:\Programação\Python\Fletube\assets
2024-10-10 19:44:33,964 INFO: Starting up TCP server on localhost:57954
2024-10-10 19:44:33,971 INFO: Flet app has started...
2024-10-10 19:44:38,860 INFO: Inicializando Fletube
2024-10-10 19:44:38,903 INFO: Assets path configured: F:\Programação\Python\Fletube\assets
2024-10-10 19:44:38,903 INFO: Starting up TCP server on localhost:57464
2024-10-10 19:44:38,911 INFO: Flet app has started...
2024-10-10 19:44:39,162 INFO: App session started
2024-10-10 19:44:39,169 INFO: Fletube iniciado
2024-10-10 19:44:39,176 INFO: Tema: Dark
2024-10-10 19:44:39,178 INFO: Configurando rotas
2024-10-10 19:44:39,179 INFO: Rota alterada para: /
2024-10-10 19:44:51,015 INFO: Tecla: V
2024-10-10 19:44:51,018 INFO: Tema: Light
2024-10-10 19:44:53,271 INFO: Tecla: Enter
2024-10-10 19:44:53,276 INFO: Tema: Dark
2024-10-10 19:45:15,293 INFO: Inicializando Fletube
2024-10-10 19:45:15,337 INFO: Assets path configured: F:\Programação\Python\Fletube\assets
2024-10-10 19:45:15,338 INFO: Starting up TCP server on localhost:57464
2024-10-10 19:45:15,345 INFO: Flet app has started...
2024-10-10 19:45:15,517 INFO: App session started
2024-10-10 19:45:15,517 INFO: Fletube iniciado
2024-10-10 19:45:15,519 INFO: Tema: Dark
2024-10-10 19:45:15,522 INFO: Configurando rotas
2024-10-10 19:45:15,522 INFO: Rota alterada para: /
2024-10-10 19:45:16,600 INFO: Tecla: V
2024-10-10 19:45:16,601 INFO: Tema: Light
2024-10-10 19:45:19,183 INFO: Tecla: Enter
2024-10-10 19:45:19,185 INFO: Tema: Dark
2024-10-10 19:45:34,552 INFO: Tecla: V
2024-10-10 19:45:34,553 INFO: Tema: Light
2024-10-10 19:45:37,127 INFO: Tecla: Enter
2024-10-10 19:45:37,128 INFO: Tema: Dark
2024-10-10 19:47:29,621 INFO: Inicializando Fletube
2024-10-10 19:47:29,726 INFO: Assets path configured: F:\Programação\Python\Fletube\assets
2024-10-10 19:47:29,726 INFO: Starting up TCP server on localhost:57464
2024-10-10 19:47:29,733 INFO: Flet app has started...
2024-10-10 19:47:29,903 INFO: App session started
2024-10-10 19:47:29,904 INFO: Fletube iniciado
2024-10-10 19:47:29,907 INFO: Tema: Dark
2024-10-10 19:47:29,910 INFO: Configurando rotas
2024-10-10 19:47:29,910 INFO: Rota alterada para: /
2024-10-10 19:47:34,743 INFO: Tecla: V
2024-10-10 19:47:34,745 INFO: Tema: Light
2024-10-10 19:47:36,327 INFO: Tecla: Enter
2024-10-10 19:47:36,330 INFO: Tema: Dark
2024-10-10 19:48:46,733 INFO: Inicializando Fletube
2024-10-10 19:48:46,791 INFO: Assets path configured: F:\Programação\Python\Fletube\assets
2024-10-10 19:48:46,792 INFO: Starting up TCP server on localhost:57464
2024-10-10 19:48:46,798 INFO: Flet app has started...
2024-10-10 19:48:46,857 INFO: App session started
2024-10-10 19:48:46,857 INFO: Fletube iniciado
2024-10-10 19:48:46,860 INFO: Tema: Dark
2024-10-10 19:48:46,862 INFO: Configurando rotas
2024-10-10 19:48:46,863 INFO: Rota alterada para: /
2024-10-10 19:48:50,967 INFO: Tecla: V
2024-10-10 19:48:50,969 INFO: Tema: Light
2024-10-10 19:48:52,912 INFO: Tecla: Enter
2024-10-10 19:48:52,916 INFO: Tema: Dark
2024-10-10 19:49:17,656 INFO: Tecla: Backspace
2024-10-10 19:49:17,658 INFO: Tema: Light
2024-10-10 19:49:19,232 INFO: Tecla: Enter
2024-10-10 19:49:19,236 INFO: Tema: Dark
2024-10-10 19:50:31,566 INFO: Inicializando Fletube
2024-10-10 19:50:31,661 INFO: Assets path configured: F:\Programação\Python\Fletube\assets
2024-10-10 19:50:31,661 INFO: Starting up TCP server on localhost:57464
2024-10-10 19:50:31,667 INFO: Flet app has started...
2024-10-10 19:50:31,865 INFO: App session started
2024-10-10 19:50:31,865 INFO: Fletube iniciado
2024-10-10 19:50:31,867 INFO: Tema: Dark
2024-10-10 19:50:31,869 INFO: Configurando rotas
2024-10-10 19:50:31,869 INFO: Rota alterada para: /
2024-10-10 19:50:35,633 INFO: Tecla: V
2024-10-10 19:50:35,634 INFO: Tema: Light
2024-10-10 19:50:39,472 INFO: Tecla: Enter
2024-10-10 19:50:39,477 INFO: Tema: Dark
2024-10-10 19:50:45,392 INFO: Tecla: Backspace
2024-10-10 19:50:45,393 INFO: Tema: Light
2024-10-10 19:50:46,160 INFO: Tecla: 7
2024-10-10 19:50:46,161 INFO: Tema: Dark
2024-10-10 19:51:00,131 INFO: Inicializando Fletube
2024-10-10 19:51:00,174 INFO: Assets path configured: F:\Programação\Python\Fletube\assets
2024-10-10 19:51:00,174 INFO: Starting up TCP server on localhost:57464
2024-10-10 19:51:00,180 INFO: Flet app has started...
2024-10-10 19:51:00,323 INFO: App session started
2024-10-10 19:51:00,324 INFO: Fletube iniciado
2024-10-10 19:51:00,326 INFO: Tema: Dark
2024-10-10 19:51:00,328 INFO: Configurando rotas
2024-10-10 19:51:00,329 INFO: Rota alterada para: /
2024-10-10 19:51:04,593 INFO: Tecla: A
2024-10-10 19:51:04,596 INFO: Tema: Light
2024-10-10 19:51:05,809 INFO: Tecla: Backspace
2024-10-10 19:51:05,814 INFO: Tema: Dark
2024-10-10 19:51:06,759 INFO: Tecla: Backspace
2024-10-10 19:51:06,760 INFO: Tema: Light
2024-10-10 19:51:12,503 INFO: Tecla: V
2024-10-10 19:51:12,509 INFO: Tema: Dark
2024-10-10 19:51:16,608 INFO: Tecla: Backspace
2024-10-10 19:51:16,612 INFO: Tema: Light
2024-10-10 19:51:19,103 INFO: Tecla: 7
2024-10-10 19:51:19,109 INFO: Tema: Dark
2024-10-10 19:51:29,264 INFO: Tecla: V
2024-10-10 19:51:29,265 INFO: Tema: Light
2024-10-10 19:51:31,919 INFO: Tecla: Enter
2024-10-10 19:51:31,924 INFO: Tema: Dark
2024-10-10 19:52:54,413 INFO: Inicializando Fletube
2024-10-10 19:52:54,524 INFO: Assets path configured: F:\Programação\Python\Fletube\assets
2024-10-10 19:52:54,524 INFO: Starting up TCP server on localhost:57464
2024-10-10 19:52:54,532 INFO: Flet app has started...
2024-10-10 19:52:54,797 INFO: App session started
2024-10-10 19:52:54,798 INFO: Fletube iniciado
2024-10-10 19:52:54,800 INFO: Tema: Dark
2024-10-10 19:52:54,802 INFO: Configurando rotas
2024-10-10 19:52:54,802 INFO: Rota alterada para: /
2024-10-10 19:53:00,575 INFO: Inicializando Fletube
2024-10-10 19:53:00,640 INFO: Assets path configured: F:\Programação\Python\Fletube\assets
2024-10-10 19:53:00,641 INFO: Starting up TCP server on localhost:57464
2024-10-10 19:53:00,652 INFO: Flet app has started...
2024-10-10 19:53:00,799 INFO: App session started
2024-10-10 19:53:00,799 INFO: Fletube iniciado
2024-10-10 19:53:00,801 INFO: Tema: Dark
2024-10-10 19:53:00,803 INFO: Configurando rotas
2024-10-10 19:53:00,803 INFO: Rota alterada para: /
2024-10-10 19:53:25,487 INFO: Inicializando Fletube
2024-10-10 19:53:25,535 INFO: Assets path configured: F:\Programação\Python\Fletube\assets
2024-10-10 19:53:25,536 INFO: Starting up TCP server on localhost:57464
2024-10-10 19:53:25,544 INFO: Flet app has started...
2024-10-10 19:53:25,973 INFO: App session started
2024-10-10 19:53:25,974 INFO: Fletube iniciado
2024-10-10 19:53:25,978 INFO: Tema: Dark
2024-10-10 19:53:25,984 INFO: Configurando rotas
2024-10-10 19:53:25,984 INFO: Rota alterada para: /
2024-10-10 19:53:28,853 INFO: Inicializando Fletube
2024-10-10 19:53:30,128 INFO: Inicializando Fletube
2024-10-10 19:53:30,172 INFO: Assets path configured: F:\Programação\Python\Fletube\assets
2024-10-10 19:53:30,172 INFO: Starting up TCP server on localhost:57464
2024-10-10 19:53:30,179 INFO: Flet app has started...
2024-10-10 19:53:30,427 INFO: App session started
2024-10-10 19:53:30,428 INFO: Fletube iniciado
2024-10-10 19:53:30,429 INFO: Tema: Dark
2024-10-10 19:53:30,433 INFO: Configurando rotas
2024-10-10 19:53:30,433 INFO: Rota alterada para: /
2024-10-10 19:53:41,611 INFO: Inicializando Fletube
2024-10-10 19:53:41,656 INFO: Assets path configured: F:\Programação\Python\Fletube\assets
2024-10-10 19:53:41,656 INFO: Starting up TCP server on localhost:57464
2024-10-10 19:53:41,663 INFO: Flet app has started...
2024-10-10 19:53:47,922 INFO: Inicializando Fletube
2024-10-10 19:53:47,969 INFO: Assets path configured: F:\Programação\Python\Fletube\assets
2024-10-10 19:53:47,970 INFO: Starting up TCP server on localhost:57464
2024-10-10 19:53:47,977 INFO: Flet app has started...
2024-10-10 19:53:48,267 INFO: App session started
2024-10-10 19:53:48,267 INFO: Fletube iniciado
2024-10-10 19:53:48,268 INFO: Tema: Dark
2024-10-10 19:53:48,270 INFO: Configurando rotas
2024-10-10 19:53:48,270 INFO: Rota alterada para: /
2024-10-10 19:53:56,234 INFO: Inicializando Fletube
2024-10-10 19:53:56,279 INFO: Assets path configured: F:\Programação\Python\Fletube\assets
2024-10-10 19:53:56,280 INFO: Starting up TCP server on localhost:57464
2024-10-10 19:53:56,286 INFO: Flet app has started...
2024-10-10 19:55:02,748 INFO: Inicializando Fletube
2024-10-10 19:55:02,804 INFO: Assets path configured: F:\Programação\Python\Fletube\assets
2024-10-10 19:55:02,804 INFO: Starting up TCP server on localhost:57464
2024-10-10 19:55:02,811 INFO: Flet app has started...
2024-10-10 19:55:10,405 INFO: Inicializando Fletube
2024-10-10 19:55:10,460 INFO: Assets path configured: F:\Programação\Python\Fletube\assets
2024-10-10 19:55:10,460 INFO: Starting up TCP server on localhost:58434
2024-10-10 19:55:10,468 INFO: Flet app has started...
2024-10-10 19:55:11,661 INFO: Inicializando Fletube
2024-10-10 19:55:11,703 INFO: Assets path configured: F:\Programação\Python\Fletube\assets
2024-10-10 19:55:11,703 INFO: Starting up TCP server on localhost:58434
2024-10-10 19:55:11,710 INFO: Flet app has started...
2024-10-10 19:55:11,756 INFO: App session started
2024-10-10 19:55:11,756 INFO: Fletube iniciado
2024-10-10 19:55:11,759 INFO: Tema: Dark
2024-10-10 19:55:11,761 INFO: Configurando rotas
2024-10-10 19:55:11,762 INFO: Rota alterada para: /
2024-10-10 19:55:19,864 INFO: Tecla: V
2024-10-10 19:55:19,866 INFO: Tema: Light
2024-10-10 19:55:21,591 INFO: Tecla: Enter
2024-10-10 19:55:21,596 INFO: Tema: Dark
2024-10-10 19:55:25,465 INFO: Tecla: Backspace
2024-10-10 19:55:25,468 INFO: Tema: Light
2024-10-10 19:55:27,000 INFO: Tecla: 7
2024-10-10 19:55:27,004 INFO: Tema: Dark
2024-10-10 19:55:27,873 INFO: Tecla: Backspace
2024-10-10 19:55:27,877 INFO: Tema: Light
2024-10-10 19:55:52,329 INFO: Tecla: V
2024-10-10 19:55:52,336 INFO: Tema: Dark
2024-10-10 19:55:54,409 INFO: Tecla: Enter
2024-10-10 19:55:54,412 INFO: Tema: Light
2024-10-10 19:56:07,404 INFO: Inicializando Fletube
2024-10-10 19:56:07,456 INFO: Assets path configured: F:\Programação\Python\Fletube\assets
2024-10-10 19:56:07,457 INFO: Starting up TCP server on localhost:58434
2024-10-10 19:56:07,463 INFO: Flet app has started...
2024-10-10 19:56:07,731 INFO: App session started
2024-10-10 19:56:07,731 INFO: Fletube iniciado
2024-10-10 19:56:07,733 INFO: Tema: Light
2024-10-10 19:56:07,735 INFO: Configurando rotas
2024-10-10 19:56:07,735 INFO: Rota alterada para: /
2024-10-10 19:56:12,090 INFO: Tecla: A
2024-10-10 19:56:12,094 INFO: Tema: Dark
2024-10-10 19:56:21,482 INFO: Tecla: Backspace
2024-10-10 19:56:21,486 INFO: Tema: Light
2024-10-10 19:56:22,344 INFO: Tecla: Backspace
2024-10-10 19:56:22,345 INFO: Tema: Dark
2024-10-10 19:56:53,683 INFO: Inicializando Fletube
2024-10-10 19:56:53,734 INFO: Assets path configured: F:\Programação\Python\Fletube\assets
2024-10-10 19:56:53,734 INFO: Starting up TCP server on localhost:58434
2024-10-10 19:56:53,740 INFO: Flet app has started...
2024-10-10 19:56:53,759 INFO: App session started
2024-10-10 19:56:53,759 INFO: Fletube iniciado
2024-10-10 19:56:53,762 INFO: Tema: Dark
2024-10-10 19:56:53,769 INFO: Configurando rotas
2024-10-10 19:56:53,769 INFO: Rota alterada para: /
2024-10-10 19:56:56,368 INFO: Inicializando Fletube
2024-10-10 19:56:56,413 INFO: Assets path configured: F:\Programação\Python\Fletube\assets
2024-10-10 19:56:56,413 INFO: Starting up TCP server on localhost:58434
2024-10-10 19:56:56,420 INFO: Flet app has started...
2024-10-10 19:56:56,757 INFO: App session started
2024-10-10 19:56:56,758 INFO: Fletube iniciado
2024-10-10 19:56:56,759 INFO: Tema: Dark
2024-10-10 19:56:56,762 INFO: Configurando rotas
2024-10-10 19:56:56,762 INFO: Rota alterada para: /
2024-10-10 19:57:07,898 INFO: Tecla: V
2024-10-10 19:57:07,902 INFO: Tema: Light
2024-10-10 19:57:09,072 INFO: Tecla: Enter
2024-10-10 19:57:09,076 INFO: Tema: Dark
2024-10-10 19:57:55,154 INFO: Inicializando Fletube
2024-10-10 19:57:55,225 INFO: Assets path configured: F:\Programação\Python\Fletube\assets
2024-10-10 19:57:55,225 INFO: Starting up TCP server on localhost:58434
2024-10-10 19:57:55,236 INFO: Flet app has started...
2024-10-10 19:58:04,307 INFO: Inicializando Fletube
2024-10-10 19:58:04,554 INFO: Assets path configured: F:\Programação\Python\Fletube\assets
2024-10-10 19:58:04,554 INFO: Starting up TCP server on localhost:58434
2024-10-10 19:58:04,563 INFO: Flet app has started...
2024-10-10 19:58:06,887 INFO: Inicializando Fletube
2024-10-10 19:58:06,930 INFO: Assets path configured: F:\Programação\Python\Fletube\assets
2024-10-10 19:58:06,931 INFO: Starting up TCP server on localhost:58434
2024-10-10 19:58:06,938 INFO: Flet app has started...
2024-10-10 19:58:12,340 INFO: Inicializando Fletube
2024-10-10 19:58:12,383 INFO: Assets path configured: F:\Programação\Python\Fletube\assets
2024-10-10 19:58:12,384 INFO: Starting up TCP server on localhost:58434
2024-10-10 19:58:12,390 INFO: Flet app has started...
2024-10-10 19:58:49,381 INFO: Inicializando Fletube
2024-10-10 19:58:49,423 INFO: Assets path configured: F:\Programação\Python\Fletube\assets
2024-10-10 19:58:49,423 INFO: Starting up TCP server on localhost:58434
2024-10-10 19:58:49,430 INFO: Flet app has started...
2024-10-10 19:58:53,447 INFO: Inicializando Fletube
2024-10-10 19:58:53,485 INFO: Assets path configured: F:\Programação\Python\Fletube\assets
2024-10-10 19:58:53,485 INFO: Starting up TCP server on localhost:58594
2024-10-10 19:58:53,491 INFO: Flet app has started...
2024-10-10 19:58:53,722 INFO: App session started
2024-10-10 19:58:53,762 INFO: Fletube iniciado
2024-10-10 19:58:53,765 INFO: Tema: Dark
2024-10-10 19:58:53,768 INFO: Configurando rotas
2024-10-10 19:58:53,769 INFO: Rota alterada para: /
2024-10-10 19:58:57,881 INFO: Tecla: V
2024-10-10 19:58:57,886 INFO: Tema: Light
2024-10-10 19:58:58,976 INFO: Tecla: Enter
2024-10-10 19:58:58,980 INFO: Tema: Dark
2024-10-10 19:59:28,330 INFO: Inicializando Fletube
2024-10-10 19:59:28,385 INFO: Assets path configured: F:\Programação\Python\Fletube\assets
2024-10-10 19:59:28,385 INFO: Starting up TCP server on localhost:58594
2024-10-10 19:59:28,392 INFO: Flet app has started...
2024-10-10 19:59:28,496 INFO: App session started
2024-10-10 19:59:28,496 INFO: Fletube iniciado
2024-10-10 19:59:28,499 INFO: Tema: Dark
2024-10-10 19:59:28,501 INFO: Configurando rotas
2024-10-10 19:59:28,501 INFO: Rota alterada para: /
2024-10-10 19:59:36,512 INFO: Tecla: V
2024-10-10 19:59:36,515 INFO: Tema: Light
2024-10-10 19:59:37,712 INFO: Tecla: Enter
2024-10-10 19:59:37,716 INFO: Tema: Dark
2024-10-10 19:59:53,777 INFO: Tecla: C
2024-10-10 19:59:53,779 INFO: Tema: Light
2024-10-10 20:00:03,673 INFO: Tecla: V
2024-10-10 20:00:03,677 INFO: Tema: Dark
2024-10-10 20:00:05,097 INFO: Tecla: Enter
2024-10-10 20:00:05,101 INFO: Tema: Light
2024-10-10 20:00:08,952 INFO: Tecla: Backspace
2024-10-10 20:00:08,956 INFO: Tema: Dark
2024-10-10 20:00:10,584 INFO: Tecla: X
2024-10-10 20:00:10,587 INFO: Tema: Light
2024-10-10 20:00:11,007 INFO: Tecla: A
2024-10-10 20:00:11,009 INFO: Tema: Dark
2024-10-10 20:00:11,890 INFO: Tecla: M
2024-10-10 20:00:11,893 INFO: Tema: Light
2024-10-10 20:00:12,096 INFO: Tecla: P
2024-10-10 20:00:12,108 INFO: Tema: Dark
2024-10-10 20:00:12,392 INFO: Tecla: L
2024-10-10 20:00:12,396 INFO: Tema: Light
2024-10-10 20:00:12,552 INFO: Tecla: E
2024-10-10 20:00:12,558 INFO: Tema: Dark
2024-10-10 20:00:55,093 INFO: Inicializando Fletube
2024-10-10 20:00:55,151 INFO: Assets path configured: F:\Programação\Python\Fletube\assets
2024-10-10 20:00:55,151 INFO: Starting up TCP server on localhost:58594
2024-10-10 20:00:55,159 INFO: Flet app has started...
2024-10-10 20:00:55,316 INFO: App session started
2024-10-10 20:00:55,316 INFO: Fletube iniciado
2024-10-10 20:00:55,318 INFO: Tema: Dark
2024-10-10 20:00:55,324 INFO: Configurando rotas
2024-10-10 20:00:55,324 INFO: Rota alterada para: /
2024-10-10 20:00:58,257 INFO: Tecla: V
2024-10-10 20:00:58,261 INFO: Tema: Light
2024-10-10 20:00:59,527 INFO: Tecla: Enter
2024-10-10 20:00:59,532 INFO: Tema: Dark
2024-10-10 20:01:00,680 INFO: Tecla: Enter
2024-10-10 20:01:00,681 INFO: Tema: Light
2024-10-10 20:01:28,549 INFO: Inicializando Fletube
2024-10-10 20:01:28,654 INFO: Assets path configured: F:\Programação\Python\Fletube\assets
2024-10-10 20:01:28,654 INFO: Starting up TCP server on localhost:58594
2024-10-10 20:01:28,662 INFO: Flet app has started...
2024-10-10 20:01:29,037 INFO: App session started
2024-10-10 20:01:29,037 INFO: Fletube iniciado
2024-10-10 20:01:29,040 INFO: Tema: Light
2024-10-10 20:01:29,042 INFO: Configurando rotas
2024-10-10 20:01:29,042 INFO: Rota alterada para: /
2024-10-10 20:06:41,439 INFO: Inicializando Fletube
2024-10-10 20:06:41,538 INFO: Assets path configured: F:\Programação\Python\Fletube\assets
2024-10-10 20:06:41,538 INFO: Starting up TCP server on localhost:58594
2024-10-10 20:06:41,544 INFO: Flet app has started...
2024-10-10 20:06:41,752 INFO: App session started
2024-10-10 20:06:41,752 INFO: Fletube iniciado
2024-10-10 20:06:41,755 INFO: Tema: Light
2024-10-10 20:06:41,760 INFO: Configurando rotas
2024-10-10 20:06:41,760 INFO: Rota alterada para: /
2024-10-10 20:07:23,328 INFO: Tecla: T
2024-10-10 20:07:23,330 INFO: Tema: Dark
2024-10-10 20:07:30,640 INFO: Tecla: T
2024-10-10 20:07:30,642 INFO: Tema: Light
2024-10-10 20:08:50,143 INFO: Inicializando Fletube
2024-10-10 20:08:50,185 INFO: Assets path configured: F:\Programação\Python\Fletube\assets
2024-10-10 20:08:50,186 INFO: Starting up TCP server on localhost:58594
2024-10-10 20:08:50,192 INFO: Flet app has started...
2024-10-10 20:08:50,243 INFO: App session started
2024-10-10 20:08:50,244 INFO: Fletube iniciado
2024-10-10 20:08:50,245 INFO: Tema: Light
2024-10-10 20:08:50,252 INFO: Configurando rotas
2024-10-10 20:08:50,252 INFO: Rota alterada para: /
2024-10-10 20:08:53,650 INFO: Inicializando Fletube
2024-10-10 20:08:53,691 INFO: Assets path configured: F:\Programação\Python\Fletube\assets
2024-10-10 20:08:53,692 INFO: Starting up TCP server on localhost:58594
2024-10-10 20:08:53,697 INFO: Flet app has started...
2024-10-10 20:08:53,950 INFO: App session started
2024-10-10 20:08:53,950 INFO: Fletube iniciado
2024-10-10 20:08:53,952 INFO: Tema: Light
2024-10-10 20:08:53,954 INFO: Configurando rotas
2024-10-10 20:08:53,954 INFO: Rota alterada para: /
2024-10-10 20:09:02,200 INFO: Tecla: Caps Lock
2024-10-10 20:09:02,201 INFO: Tecla: T
2024-10-10 20:09:02,202 INFO: Tema: Dark
2024-10-10 20:09:02,203 INFO: Tema: Dark
2024-10-10 20:09:54,311 INFO: Inicializando Fletube
2024-10-10 20:09:54,361 INFO: Assets path configured: F:\Programação\Python\Fletube\assets
2024-10-10 20:09:54,362 INFO: Starting up TCP server on localhost:58594
2024-10-10 20:09:54,369 INFO: Flet app has started...
2024-10-10 20:09:54,397 INFO: App session started
2024-10-10 20:09:54,397 INFO: Fletube iniciado
2024-10-10 20:09:54,399 INFO: Tema: Dark
2024-10-10 20:09:54,402 INFO: Configurando rotas
2024-10-10 20:09:54,402 INFO: Rota alterada para: /
2024-10-10 20:10:17,264 INFO: Inicializando Fletube
2024-10-10 20:10:17,310 INFO: Assets path configured: F:\Programação\Python\Fletube\assets
2024-10-10 20:10:17,311 INFO: Starting up TCP server on localhost:58594
2024-10-10 20:10:17,319 INFO: Flet app has started...
2024-10-10 20:10:17,540 INFO: App session started
2024-10-10 20:10:17,540 INFO: Fletube iniciado
2024-10-10 20:10:17,542 INFO: Tema: Dark
2024-10-10 20:10:17,544 INFO: Configurando rotas
2024-10-10 20:10:17,544 INFO: Rota alterada para: /
2024-10-10 20:10:24,910 INFO: Inicializando Fletube
2024-10-10 20:10:24,952 INFO: Assets path configured: F:\Programação\Python\Fletube\assets
2024-10-10 20:10:24,953 INFO: Starting up TCP server on localhost:58594
2024-10-10 20:10:24,960 INFO: Flet app has started...
2024-10-10 20:10:25,175 INFO: App session started
2024-10-10 20:10:25,176 INFO: Fletube iniciado
2024-10-10 20:10:25,177 INFO: Tema: Dark
2024-10-10 20:10:25,184 INFO: Configurando rotas
2024-10-10 20:10:25,184 INFO: Rota alterada para: /
2024-10-10 20:10:41,322 INFO: Inicializando Fletube
2024-10-10 20:10:41,368 INFO: Assets path configured: F:\Programação\Python\Fletube\assets
2024-10-10 20:10:41,368 INFO: Starting up TCP server on localhost:58594
2024-10-10 20:10:41,374 INFO: Flet app has started...
2024-10-10 20:10:41,850 INFO: App session started
2024-10-10 20:10:41,851 INFO: Fletube iniciado
2024-10-10 20:10:41,852 INFO: Tema: Dark
2024-10-10 20:10:41,859 INFO: Configurando rotas
2024-10-10 20:10:41,859 INFO: Rota alterada para: /
2024-10-10 20:11:12,616 INFO: Inicializando Fletube
2024-10-10 20:11:12,662 INFO: Assets path configured: F:\Programação\Python\Fletube\assets
2024-10-10 20:11:12,662 INFO: Starting up TCP server on localhost:58594
2024-10-10 20:11:12,670 INFO: Flet app has started...
2024-10-10 20:11:12,897 INFO: App session started
2024-10-10 20:11:12,899 INFO: Fletube iniciado
2024-10-10 20:11:12,902 INFO: Tema: Dark
2024-10-10 20:11:12,904 INFO: Configurando rotas
2024-10-10 20:11:12,904 INFO: Rota alterada para: /
2024-10-10 20:12:28,048 INFO: Inicializando Fletube
2024-10-10 20:12:28,143 INFO: Assets path configured: F:\Programação\Python\Fletube\assets
2024-10-10 20:12:28,144 INFO: Starting up TCP server on localhost:58594
2024-10-10 20:12:28,150 INFO: Flet app has started...
2024-10-10 20:12:28,334 INFO: App session started
2024-10-10 20:12:28,334 INFO: Fletube iniciado
2024-10-10 20:12:28,336 INFO: Tema: Dark
2024-10-10 20:12:28,343 INFO: Configurando rotas
2024-10-10 20:12:28,343 INFO: Rota alterada para: /
2024-10-10 20:15:21,979 INFO: Inicializando Fletube
2024-10-10 20:15:22,021 INFO: Assets path configured: F:\Programação\Python\Fletube\assets
2024-10-10 20:15:22,022 INFO: Starting up TCP server on localhost:61077
2024-10-10 20:15:22,028 INFO: Flet app has started...
2024-10-10 20:15:22,369 INFO: App session started
2024-10-10 20:15:22,377 INFO: Fletube iniciado
2024-10-10 20:15:22,383 INFO: Tema: Dark
2024-10-10 20:15:22,387 INFO: Configurando rotas
2024-10-10 20:15:22,387 INFO: Rota alterada para: /
2024-10-10 20:16:42,129 INFO: Inicializando Fletube
2024-10-10 20:16:42,173 INFO: Assets path configured: F:\Programação\Python\Fletube\assets
2024-10-10 20:16:42,173 INFO: Starting up TCP server on localhost:62305
2024-10-10 20:16:42,180 INFO: Flet app has started...
2024-10-10 20:16:42,441 INFO: App session started
2024-10-10 20:16:42,487 INFO: Fletube iniciado
2024-10-10 20:16:42,492 INFO: Tema: Dark
2024-10-10 20:16:42,495 INFO: Configurando rotas
2024-10-10 20:16:42,495 INFO: Rota alterada para: /
2024-10-12 17:27:04,270 INFO: Inicializando Fletube
2024-10-12 17:27:05,284 INFO: Inicializando Fletube
2024-10-12 17:27:05,319 INFO: Assets path configured: F:\Programação\Python\Fletube\assets
2024-10-12 17:27:05,319 INFO: Starting up TCP server on localhost:49823
2024-10-12 17:27:05,327 INFO: Flet app has started...
2024-10-12 17:27:07,409 INFO: Inicializando Fletube
2024-10-12 17:27:07,452 INFO: Assets path configured: F:\Programação\Python\Fletube\assets
2024-10-12 17:27:07,452 INFO: Starting up TCP server on localhost:49823
2024-10-12 17:27:07,458 INFO: Flet app has started...
2024-10-12 17:27:07,750 INFO: App session started
2024-10-12 17:27:07,751 INFO: Fletube iniciado
2024-10-12 17:27:07,753 INFO: Tema: Dark
2024-10-12 17:27:07,755 INFO: Configurando rotas
2024-10-12 17:27:07,755 INFO: Rota alterada para: /
2024-10-12 17:27:08,742 INFO: Inicializando Fletube
2024-10-12 17:27:08,785 INFO: Assets path configured: F:\Programação\Python\Fletube\assets
2024-10-12 17:27:08,785 INFO: Starting up TCP server on localhost:49823
2024-10-12 17:27:08,792 INFO: Flet app has started...
2024-10-12 17:27:44,558 INFO: Inicializando Fletube
2024-10-12 17:27:44,601 INFO: Assets path configured: F:\Programação\Python\Fletube\assets
2024-10-12 17:27:44,602 INFO: Starting up TCP server on localhost:49823
2024-10-12 17:27:44,609 INFO: Flet app has started...
2024-10-12 17:27:50,980 INFO: Inicializando Fletube
2024-10-12 17:27:51,018 INFO: Assets path configured: F:\Programação\Python\Fletube\assets
2024-10-12 17:27:51,018 INFO: Starting up TCP server on localhost:49924
2024-10-12 17:27:51,025 INFO: Flet app has started...
2024-10-12 17:27:51,233 INFO: App session started
2024-10-12 17:27:51,253 INFO: Fletube iniciado
2024-10-12 17:27:51,259 INFO: Tema: Dark
2024-10-12 17:27:51,261 INFO: Configurando rotas
2024-10-12 17:27:51,261 INFO: Rota alterada para: /
2024-10-12 17:29:00,156 INFO: Inicializando Fletube
2024-10-12 17:29:00,194 INFO: Assets path configured: F:\Programação\Python\Fletube\assets
2024-10-12 17:29:00,194 INFO: Starting up TCP server on localhost:49953
2024-10-12 17:29:00,200 INFO: Flet app has started...
2024-10-12 17:29:00,514 INFO: App session started
2024-10-12 17:29:00,528 INFO: Fletube iniciado
2024-10-12 17:29:00,534 INFO: Tema: Dark
2024-10-12 17:29:00,538 INFO: Configurando rotas
2024-10-12 17:29:00,538 INFO: Rota alterada para: /
2024-10-12 17:29:23,479 INFO: Inicializando Fletube
2024-10-12 17:29:23,517 INFO: Assets path configured: F:\Programação\Python\Fletube\assets
2024-10-12 17:29:23,518 INFO: Starting up TCP server on localhost:49953
2024-10-12 17:29:23,524 INFO: Flet app has started...
2024-10-12 17:29:23,699 INFO: App session started
2024-10-12 17:29:23,699 INFO: Fletube iniciado
2024-10-12 17:29:23,701 INFO: Tema: Dark
2024-10-12 17:29:23,703 INFO: Configurando rotas
2024-10-12 17:29:23,703 INFO: Rota alterada para: /
2024-10-12 17:29:29,216 INFO: Inicializando Fletube
2024-10-12 17:29:29,255 INFO: Assets path configured: F:\Programação\Python\Fletube\assets
2024-10-12 17:29:29,255 INFO: Starting up TCP server on localhost:49953
2024-10-12 17:29:29,261 INFO: Flet app has started...
2024-10-12 17:29:29,269 INFO: App session started
2024-10-12 17:29:29,269 INFO: Fletube iniciado
2024-10-12 17:29:29,271 INFO: Tema: Dark
2024-10-12 17:29:29,272 INFO: Configurando rotas
2024-10-12 17:29:29,273 INFO: Rota alterada para: /
2024-10-12 17:31:03,949 INFO: Inicializando Fletube
2024-10-12 17:31:04,035 INFO: Assets path configured: F:\Programação\Python\Fletube\assets
2024-10-12 17:31:04,036 INFO: Starting up TCP server on localhost:49953
2024-10-12 17:31:04,042 INFO: Flet app has started...
2024-10-12 17:31:04,515 INFO: App session started
2024-10-12 17:31:04,515 INFO: Fletube iniciado
2024-10-12 17:31:04,518 INFO: Tema: Dark
2024-10-12 17:31:04,520 INFO: Configurando rotas
2024-10-12 17:31:04,520 INFO: Rota alterada para: /
2024-10-12 17:31:32,873 INFO: Inicializando Fletube
2024-10-12 17:31:32,910 INFO: Assets path configured: F:\Programação\Python\Fletube\assets
2024-10-12 17:31:32,911 INFO: Starting up TCP server on localhost:49953
2024-10-12 17:31:32,917 INFO: Flet app has started...
2024-10-12 17:31:32,951 INFO: App session started
2024-10-12 17:31:32,951 INFO: Fletube iniciado
2024-10-12 17:31:32,952 INFO: Tema: Dark
2024-10-12 17:31:32,955 INFO: Configurando rotas
2024-10-12 17:31:32,955 INFO: Rota alterada para: /
2024-10-12 17:31:52,122 INFO: Inicializando Fletube
2024-10-12 17:31:52,161 INFO: Assets path configured: F:\Programação\Python\Fletube\assets
2024-10-12 17:31:52,161 INFO: Starting up TCP server on localhost:49953
2024-10-12 17:31:52,167 INFO: Flet app has started...
2024-10-12 17:31:52,201 INFO: App session started
2024-10-12 17:31:52,201 INFO: Fletube iniciado
2024-10-12 17:31:52,203 INFO: Tema: Dark
2024-10-12 17:31:52,204 INFO: Configurando rotas
2024-10-12 17:31:52,205 INFO: Rota alterada para: /
2024-10-12 17:32:12,209 INFO: Inicializando Fletube
2024-10-12 17:32:12,248 INFO: Assets path configured: F:\Programação\Python\Fletube\assets
2024-10-12 17:32:12,248 INFO: Starting up TCP server on localhost:49953
2024-10-12 17:32:12,254 INFO: Flet app has started...
2024-10-12 17:32:12,257 INFO: App session started
2024-10-12 17:32:12,257 INFO: Fletube iniciado
2024-10-12 17:32:12,259 INFO: Tema: Dark
2024-10-12 17:32:12,261 INFO: Configurando rotas
2024-10-12 17:32:12,261 INFO: Rota alterada para: /
2024-10-12 17:32:39,023 INFO: Inicializando Fletube
2024-10-12 17:32:39,061 INFO: Assets path configured: F:\Programação\Python\Fletube\assets
2024-10-12 17:32:39,061 INFO: Starting up TCP server on localhost:49953
2024-10-12 17:32:39,067 INFO: Flet app has started...
2024-10-12 17:32:39,086 INFO: App session started
2024-10-12 17:32:39,086 INFO: Fletube iniciado
2024-10-12 17:32:39,088 INFO: Tema: Dark
2024-10-12 17:32:39,090 INFO: Configurando rotas
2024-10-12 17:32:39,090 INFO: Rota alterada para: /
2024-10-12 17:32:55,779 INFO: Inicializando Fletube
2024-10-12 17:32:55,815 INFO: Assets path configured: F:\Programação\Python\Fletube\assets
2024-10-12 17:32:55,815 INFO: Starting up TCP server on localhost:49953
2024-10-12 17:32:55,821 INFO: Flet app has started...
2024-10-12 17:32:55,859 INFO: App session started
2024-10-12 17:32:55,859 INFO: Fletube iniciado
2024-10-12 17:32:55,861 INFO: Tema: Dark
2024-10-12 17:32:55,863 INFO: Configurando rotas
2024-10-12 17:32:55,863 INFO: Rota alterada para: /
2024-10-12 17:33:10,643 INFO: Inicializando Fletube
2024-10-12 17:33:10,682 INFO: Assets path configured: F:\Programação\Python\Fletube\assets
2024-10-12 17:33:10,683 INFO: Starting up TCP server on localhost:49953
2024-10-12 17:33:10,690 INFO: Flet app has started...
2024-10-12 17:33:11,036 INFO: App session started
2024-10-12 17:33:11,036 INFO: Fletube iniciado
2024-10-12 17:33:11,038 INFO: Tema: Dark
2024-10-12 17:33:11,044 INFO: Configurando rotas
2024-10-12 17:33:11,044 INFO: Rota alterada para: /
2024-10-12 17:33:19,204 INFO: Tecla: T
2024-10-12 17:33:19,205 INFO: Tema: Light
2024-10-12 17:33:43,032 INFO: Inicializando Fletube
2024-10-12 17:33:43,070 INFO: Assets path configured: F:\Programação\Python\Fletube\assets
2024-10-12 17:33:43,070 INFO: Starting up TCP server on localhost:49953
2024-10-12 17:33:43,076 INFO: Flet app has started...
2024-10-12 17:33:43,559 INFO: App session started
2024-10-12 17:33:43,559 INFO: Fletube iniciado
2024-10-12 17:33:43,561 INFO: Tema: Light
2024-10-12 17:33:43,564 INFO: Configurando rotas
2024-10-12 17:33:43,564 INFO: Rota alterada para: /
2024-10-12 17:34:18,356 INFO: Inicializando Fletube
2024-10-12 17:34:18,396 INFO: Assets path configured: F:\Programação\Python\Fletube\assets
2024-10-12 17:34:18,396 INFO: Starting up TCP server on localhost:49953
2024-10-12 17:34:18,403 INFO: Flet app has started...
2024-10-12 17:34:18,799 INFO: App session started
2024-10-12 17:34:18,800 INFO: Fletube iniciado
2024-10-12 17:34:18,803 INFO: Tema: Light
2024-10-12 17:34:18,805 INFO: Configurando rotas
2024-10-12 17:34:18,805 INFO: Rota alterada para: /
2024-10-12 17:34:49,562 INFO: Inicializando Fletube
2024-10-12 17:34:49,599 INFO: Assets path configured: F:\Programação\Python\Fletube\assets
2024-10-12 17:34:49,599 INFO: Starting up TCP server on localhost:49953
2024-10-12 17:34:49,605 INFO: Flet app has started...
2024-10-12 17:34:49,608 INFO: App session started
2024-10-12 17:34:49,608 INFO: Fletube iniciado
2024-10-12 17:34:49,609 INFO: Tema: Light
2024-10-12 17:34:49,611 INFO: Configurando rotas
2024-10-12 17:34:49,611 INFO: Rota alterada para: /
2024-10-12 17:34:59,675 INFO: Tecla: T
2024-10-12 17:34:59,677 INFO: Tema: Dark
2024-10-12 17:36:32,485 INFO: Inicializando Fletube
2024-10-12 17:36:32,574 INFO: Assets path configured: F:\Programação\Python\Fletube\assets
2024-10-12 17:36:32,574 INFO: Starting up TCP server on localhost:49953
2024-10-12 17:36:32,579 INFO: Flet app has started...
2024-10-12 17:36:32,686 INFO: App session started
2024-10-12 17:36:32,686 INFO: Fletube iniciado
2024-10-12 17:36:32,688 INFO: Tema: Dark
2024-10-12 17:36:32,693 INFO: Configurando rotas
2024-10-12 17:36:32,693 INFO: Rota alterada para: /
2024-10-12 17:36:36,871 INFO: Inicializando Fletube
2024-10-12 17:36:36,913 INFO: Assets path configured: F:\Programação\Python\Fletube\assets
2024-10-12 17:36:36,913 INFO: Starting up TCP server on localhost:49953
2024-10-12 17:36:36,920 INFO: Flet app has started...
2024-10-12 17:36:37,198 INFO: App session started
2024-10-12 17:36:37,199 INFO: Fletube iniciado
2024-10-12 17:36:37,201 INFO: Tema: Dark
2024-10-12 17:36:37,203 INFO: Configurando rotas
2024-10-12 17:36:37,203 INFO: Rota alterada para: /
2024-10-12 17:39:30,750 INFO: Inicializando Fletube
2024-10-12 17:39:30,842 INFO: Assets path configured: F:\Programação\Python\Fletube\assets
2024-10-12 17:39:30,843 INFO: Starting up TCP server on localhost:49953
2024-10-12 17:39:30,849 INFO: Flet app has started...
2024-10-12 17:39:31,089 INFO: App session started
2024-10-12 17:39:31,089 INFO: Fletube iniciado
2024-10-12 17:39:31,092 INFO: Tema: Dark
2024-10-12 17:39:31,094 INFO: Configurando rotas
2024-10-12 17:39:31,094 INFO: Rota alterada para: /
2024-10-12 17:42:18,873 INFO: Inicializando Fletube
2024-10-12 17:42:18,920 INFO: Assets path configured: F:\Programação\Python\Fletube\assets
2024-10-12 17:42:18,921 INFO: Starting up TCP server on localhost:49953
2024-10-12 17:42:18,927 INFO: Flet app has started...
2024-10-12 17:42:19,151 INFO: App session started
2024-10-12 17:42:19,151 INFO: Fletube iniciado
2024-10-12 17:42:19,153 INFO: Tema: Dark
2024-10-12 17:42:19,155 INFO: Configurando rotas
2024-10-12 17:42:19,155 INFO: Rota alterada para: /
2024-10-12 17:42:31,104 INFO: Inicializando Fletube
2024-10-12 17:42:31,141 INFO: Assets path configured: F:\Programação\Python\Fletube\assets
2024-10-12 17:42:31,142 INFO: Starting up TCP server on localhost:49953
2024-10-12 17:42:31,148 INFO: Flet app has started...
2024-10-12 17:42:31,391 INFO: App session started
2024-10-12 17:42:31,391 INFO: Fletube iniciado
2024-10-12 17:42:31,393 INFO: Tema: Dark
2024-10-12 17:42:31,396 INFO: Configurando rotas
2024-10-12 17:42:31,396 INFO: Rota alterada para: /
2024-10-12 17:44:16,761 INFO: Inicializando Fletube
2024-10-12 17:44:16,859 INFO: Assets path configured: F:\Programação\Python\Fletube\assets
2024-10-12 17:44:16,859 INFO: Starting up TCP server on localhost:49953
2024-10-12 17:44:16,867 INFO: Flet app has started...
2024-10-12 17:44:16,913 INFO: App session started
2024-10-12 17:44:16,917 INFO: Fletube iniciado
2024-10-12 17:44:16,920 INFO: Tema: Dark
2024-10-12 17:44:16,925 INFO: Configurando rotas
2024-10-12 17:44:16,925 INFO: Rota alterada para: /
2024-10-12 17:45:11,707 INFO: Inicializando Fletube
2024-10-12 17:45:11,764 INFO: Assets path configured: F:\Programação\Python\Fletube\assets
2024-10-12 17:45:11,764 INFO: Starting up TCP server on localhost:49953
2024-10-12 17:45:11,777 INFO: Flet app has started...
2024-10-12 17:45:12,022 INFO: App session started
2024-10-12 17:45:12,022 INFO: Fletube iniciado
2024-10-12 17:45:12,027 INFO: Tema: Dark
2024-10-12 17:45:12,030 INFO: Configurando rotas
2024-10-12 17:45:12,030 INFO: Rota alterada para: /
2024-10-12 17:45:31,350 INFO: Inicializando Fletube
2024-10-12 17:45:31,388 INFO: Assets path configured: F:\Programação\Python\Fletube\assets
2024-10-12 17:45:31,388 INFO: Starting up TCP server on localhost:49953
2024-10-12 17:45:31,394 INFO: Flet app has started...
2024-10-12 17:45:31,691 INFO: App session started
2024-10-12 17:45:31,691 INFO: Fletube iniciado
2024-10-12 17:45:31,694 INFO: Tema: Dark
2024-10-12 17:45:31,696 INFO: Configurando rotas
2024-10-12 17:45:31,696 INFO: Rota alterada para: /
2024-10-12 17:45:46,778 INFO: Inicializando Fletube
2024-10-12 17:45:46,812 INFO: Assets path configured: F:\Programação\Python\Fletube\assets
2024-10-12 17:45:46,812 INFO: Starting up TCP server on localhost:49953
2024-10-12 17:45:46,819 INFO: Flet app has started...
2024-10-12 17:45:47,003 INFO: App session started
2024-10-12 17:45:47,003 INFO: Fletube iniciado
2024-10-12 17:45:47,005 INFO: Tema: Dark
2024-10-12 17:45:47,010 INFO: Configurando rotas
2024-10-12 17:45:47,011 INFO: Rota alterada para: /
2024-10-12 17:47:33,694 INFO: Inicializando Fletube
2024-10-12 17:47:33,783 INFO: Assets path configured: F:\Programação\Python\Fletube\assets
2024-10-12 17:47:33,783 INFO: Starting up TCP server on localhost:49953
2024-10-12 17:47:33,789 INFO: Flet app has started...
2024-10-12 17:47:33,860 INFO: App session started
2024-10-12 17:47:33,860 INFO: Fletube iniciado
2024-10-12 17:47:33,862 INFO: Tema: Dark
2024-10-12 17:47:33,864 INFO: Configurando rotas
2024-10-12 17:47:33,864 INFO: Rota alterada para: /
2024-10-12 17:47:40,500 INFO: Inicializando Fletube
2024-10-12 17:47:40,562 INFO: Assets path configured: F:\Programação\Python\Fletube\assets
2024-10-12 17:47:40,562 INFO: Starting up TCP server on localhost:49953
2024-10-12 17:47:40,572 INFO: Flet app has started...
2024-10-12 17:47:40,863 INFO: App session started
2024-10-12 17:47:40,863 INFO: Fletube iniciado
2024-10-12 17:47:40,869 INFO: Tema: Dark
2024-10-12 17:47:40,874 INFO: Configurando rotas
2024-10-12 17:47:40,874 INFO: Rota alterada para: /
2024-10-12 17:48:00,146 INFO: Inicializando Fletube
2024-10-12 17:48:00,189 INFO: Assets path configured: F:\Programação\Python\Fletube\assets
2024-10-12 17:48:00,189 INFO: Starting up TCP server on localhost:49953
2024-10-12 17:48:00,196 INFO: Flet app has started...
2024-10-12 17:48:00,313 INFO: App session started
2024-10-12 17:48:00,318 INFO: Fletube iniciado
2024-10-12 17:48:00,321 INFO: Tema: Dark
2024-10-12 17:48:00,322 INFO: Configurando rotas
2024-10-12 17:48:00,322 INFO: Rota alterada para: /
